{"C:\\Users\\mragh\\hackathons\\promt wars\\Attemp_2\\PROMTWARS\\src\\App.tsx": {"path":"C:\\Users\\mragh\\hackathons\\promt wars\\Attemp_2\\PROMTWARS\\src\\App.tsx","statementMap":{"0":{"start":{"line":16,"column":18},"end":{"line":16,"column":95}},"1":{"start":{"line":16,"column":29},"end":{"line":16,"column":94}},"2":{"start":{"line":16,"column":73},"end":{"line":16,"column":92}},"3":{"start":{"line":17,"column":18},"end":{"line":17,"column":105}},"4":{"start":{"line":17,"column":29},"end":{"line":17,"column":104}},"5":{"start":{"line":17,"column":75},"end":{"line":17,"column":102}},"6":{"start":{"line":18,"column":18},"end":{"line":18,"column":107}},"7":{"start":{"line":18,"column":29},"end":{"line":18,"column":106}},"8":{"start":{"line":18,"column":81},"end":{"line":18,"column":104}},"9":{"start":{"line":19,"column":18},"end":{"line":19,"column":107}},"10":{"start":{"line":19,"column":29},"end":{"line":19,"column":106}},"11":{"start":{"line":19,"column":79},"end":{"line":19,"column":104}},"12":{"start":{"line":20,"column":18},"end":{"line":20,"column":100}},"13":{"start":{"line":20,"column":29},"end":{"line":20,"column":99}},"14":{"start":{"line":20,"column":75},"end":{"line":20,"column":97}},"15":{"start":{"line":21,"column":18},"end":{"line":21,"column":95}},"16":{"start":{"line":21,"column":29},"end":{"line":21,"column":94}},"17":{"start":{"line":21,"column":73},"end":{"line":21,"column":92}},"18":{"start":{"line":22,"column":18},"end":{"line":22,"column":103}},"19":{"start":{"line":22,"column":29},"end":{"line":22,"column":102}},"20":{"start":{"line":22,"column":77},"end":{"line":22,"column":100}},"21":{"start":{"line":23,"column":18},"end":{"line":23,"column":93}},"22":{"start":{"line":23,"column":29},"end":{"line":23,"column":92}},"23":{"start":{"line":23,"column":72},"end":{"line":23,"column":90}},"24":{"start":{"line":31,"column":12},"end":{"line":110,"column":2}},"25":{"start":{"line":32,"column":2},"end":{"line":32,"column":20}},"26":{"start":{"line":33,"column":24},"end":{"line":33,"column":42}},"27":{"start":{"line":34,"column":2},"end":{"line":34,"column":30}},"28":{"start":{"line":36,"column":2},"end":{"line":109,"column":4}},"29":{"start":{"line":112,"column":0},"end":{"line":112,"column":24}}},"fnMap":{"0":{"name":"(anonymous_0)","decl":{"start":{"line":16,"column":23},"end":{"line":16,"column":24}},"loc":{"start":{"line":16,"column":29},"end":{"line":16,"column":94}},"line":16},"1":{"name":"(anonymous_1)","decl":{"start":{"line":16,"column":65},"end":{"line":16,"column":66}},"loc":{"start":{"line":16,"column":73},"end":{"line":16,"column":92}},"line":16},"2":{"name":"(anonymous_2)","decl":{"start":{"line":17,"column":23},"end":{"line":17,"column":24}},"loc":{"start":{"line":17,"column":29},"end":{"line":17,"column":104}},"line":17},"3":{"name":"(anonymous_3)","decl":{"start":{"line":17,"column":67},"end":{"line":17,"column":68}},"loc":{"start":{"line":17,"column":75},"end":{"line":17,"column":102}},"line":17},"4":{"name":"(anonymous_4)","decl":{"start":{"line":18,"column":23},"end":{"line":18,"column":24}},"loc":{"start":{"line":18,"column":29},"end":{"line":18,"column":106}},"line":18},"5":{"name":"(anonymous_5)","decl":{"start":{"line":18,"column":73},"end":{"line":18,"column":74}},"loc":{"start":{"line":18,"column":81},"end":{"line":18,"column":104}},"line":18},"6":{"name":"(anonymous_6)","decl":{"start":{"line":19,"column":23},"end":{"line":19,"column":24}},"loc":{"start":{"line":19,"column":29},"end":{"line":19,"column":106}},"line":19},"7":{"name":"(anonymous_7)","decl":{"start":{"line":19,"column":71},"end":{"line":19,"column":72}},"loc":{"start":{"line":19,"column":79},"end":{"line":19,"column":104}},"line":19},"8":{"name":"(anonymous_8)","decl":{"start":{"line":20,"column":23},"end":{"line":20,"column":24}},"loc":{"start":{"line":20,"column":29},"end":{"line":20,"column":99}},"line":20},"9":{"name":"(anonymous_9)","decl":{"start":{"line":20,"column":67},"end":{"line":20,"column":68}},"loc":{"start":{"line":20,"column":75},"end":{"line":20,"column":97}},"line":20},"10":{"name":"(anonymous_10)","decl":{"start":{"line":21,"column":23},"end":{"line":21,"column":24}},"loc":{"start":{"line":21,"column":29},"end":{"line":21,"column":94}},"line":21},"11":{"name":"(anonymous_11)","decl":{"start":{"line":21,"column":65},"end":{"line":21,"column":66}},"loc":{"start":{"line":21,"column":73},"end":{"line":21,"column":92}},"line":21},"12":{"name":"(anonymous_12)","decl":{"start":{"line":22,"column":23},"end":{"line":22,"column":24}},"loc":{"start":{"line":22,"column":29},"end":{"line":22,"column":102}},"line":22},"13":{"name":"(anonymous_13)","decl":{"start":{"line":22,"column":69},"end":{"line":22,"column":70}},"loc":{"start":{"line":22,"column":77},"end":{"line":22,"column":100}},"line":22},"14":{"name":"(anonymous_14)","decl":{"start":{"line":23,"column":23},"end":{"line":23,"column":24}},"loc":{"start":{"line":23,"column":29},"end":{"line":23,"column":92}},"line":23},"15":{"name":"(anonymous_15)","decl":{"start":{"line":23,"column":64},"end":{"line":23,"column":65}},"loc":{"start":{"line":23,"column":72},"end":{"line":23,"column":90}},"line":23},"16":{"name":"(anonymous_16)","decl":{"start":{"line":31,"column":17},"end":{"line":31,"column":18}},"loc":{"start":{"line":31,"column":23},"end":{"line":110,"column":1}},"line":31}},"branchMap":{},"s":{"0":0,"1":0,"2":0,"3":0,"4":0,"5":0,"6":0,"7":0,"8":0,"9":0,"10":0,"11":0,"12":0,"13":0,"14":0,"15":0,"16":0,"17":0,"18":0,"19":0,"20":0,"21":0,"22":0,"23":0,"24":0,"25":0,"26":0,"27":0,"28":0,"29":0},"f":{"0":0,"1":0,"2":0,"3":0,"4":0,"5":0,"6":0,"7":0,"8":0,"9":0,"10":0,"11":0,"12":0,"13":0,"14":0,"15":0,"16":0},"b":{}}
,"C:\\Users\\mragh\\hackathons\\promt wars\\Attemp_2\\PROMTWARS\\src\\firebase.ts": {"path":"C:\\Users\\mragh\\hackathons\\promt wars\\Attemp_2\\PROMTWARS\\src\\firebase.ts","statementMap":{"0":{"start":{"line":10,"column":23},"end":{"line":18,"column":1}},"1":{"start":{"line":25,"column":2},"end":{"line":26,"column":42}},"2":{"start":{"line":28,"column":30},"end":{"line":28,"column":34}},"3":{"start":{"line":29,"column":27},"end":{"line":29,"column":31}},"4":{"start":{"line":30,"column":24},"end":{"line":30,"column":28}},"5":{"start":{"line":31,"column":34},"end":{"line":31,"column":38}},"6":{"start":{"line":33,"column":0},"end":{"line":47,"column":1}},"7":{"start":{"line":35,"column":2},"end":{"line":35,"column":78}},"8":{"start":{"line":36,"column":2},"end":{"line":36,"column":25}},"9":{"start":{"line":37,"column":2},"end":{"line":37,"column":22}},"10":{"start":{"line":40,"column":2},"end":{"line":46,"column":7}},"11":{"start":{"line":42,"column":6},"end":{"line":42,"column":52}},"12":{"start":{"line":42,"column":22},"end":{"line":42,"column":52}}},"fnMap":{"0":{"name":"(anonymous_0)","decl":{"start":{"line":41,"column":10},"end":{"line":41,"column":11}},"loc":{"start":{"line":41,"column":19},"end":{"line":43,"column":5}},"line":41},"1":{"name":"(anonymous_1)","decl":{"start":{"line":44,"column":11},"end":{"line":44,"column":12}},"loc":{"start":{"line":44,"column":17},"end":{"line":46,"column":5}},"line":44}},"branchMap":{"0":{"loc":{"start":{"line":25,"column":2},"end":{"line":26,"column":42}},"type":"binary-expr","locations":[{"start":{"line":25,"column":2},"end":{"line":25,"column":25}},{"start":{"line":26,"column":2},"end":{"line":26,"column":42}}],"line":25},"1":{"loc":{"start":{"line":33,"column":0},"end":{"line":47,"column":1}},"type":"if","locations":[{"start":{"line":33,"column":0},"end":{"line":47,"column":1}},{"start":{},"end":{}}],"line":33},"2":{"loc":{"start":{"line":35,"column":8},"end":{"line":35,"column":77}},"type":"cond-expr","locations":[{"start":{"line":35,"column":33},"end":{"line":35,"column":62}},{"start":{"line":35,"column":65},"end":{"line":35,"column":77}}],"line":35},"3":{"loc":{"start":{"line":42,"column":6},"end":{"line":42,"column":52}},"type":"if","locations":[{"start":{"line":42,"column":6},"end":{"line":42,"column":52}},{"start":{},"end":{}}],"line":42},"4":{"loc":{"start":{"line":42,"column":10},"end":{"line":42,"column":20}},"type":"binary-expr","locations":[{"start":{"line":42,"column":10},"end":{"line":42,"column":13}},{"start":{"line":42,"column":17},"end":{"line":42,"column":20}}],"line":42}},"s":{"0":0,"1":0,"2":0,"3":0,"4":0,"5":0,"6":0,"7":0,"8":0,"9":0,"10":0,"11":0,"12":0},"f":{"0":0,"1":0},"b":{"0":[0,0],"1":[0,0],"2":[0,0],"3":[0,0],"4":[0,0]}}
,"C:\\Users\\mragh\\hackathons\\promt wars\\Attemp_2\\PROMTWARS\\src\\components\\ErrorBoundary.tsx": {"path":"C:\\Users\\mragh\\hackathons\\promt wars\\Attemp_2\\PROMTWARS\\src\\components\\ErrorBoundary.tsx","statementMap":{"0":{"start":{"line":38,"column":4},"end":{"line":38,"column":17}},"1":{"start":{"line":39,"column":4},"end":{"line":39,"column":55}},"2":{"start":{"line":48,"column":4},"end":{"line":48,"column":59}},"3":{"start":{"line":62,"column":4},"end":{"line":80,"column":5}},"4":{"start":{"line":63,"column":6},"end":{"line":65,"column":7}},"5":{"start":{"line":64,"column":8},"end":{"line":64,"column":35}},"6":{"start":{"line":67,"column":6},"end":{"line":79,"column":8}},"7":{"start":{"line":73,"column":27},"end":{"line":73,"column":51}},"8":{"start":{"line":82,"column":4},"end":{"line":82,"column":31}},"9":{"start":{"line":86,"column":0},"end":{"line":90,"column":2}}},"fnMap":{"0":{"name":"(anonymous_0)","decl":{"start":{"line":37,"column":2},"end":{"line":37,"column":3}},"loc":{"start":{"line":37,"column":41},"end":{"line":40,"column":3}},"line":37},"1":{"name":"(anonymous_1)","decl":{"start":{"line":47,"column":2},"end":{"line":47,"column":3}},"loc":{"start":{"line":47,"column":75},"end":{"line":49,"column":3}},"line":47},"2":{"name":"(anonymous_2)","decl":{"start":{"line":57,"column":2},"end":{"line":57,"column":3}},"loc":{"start":{"line":57,"column":71},"end":{"line":59,"column":3}},"line":57},"3":{"name":"(anonymous_3)","decl":{"start":{"line":61,"column":2},"end":{"line":61,"column":3}},"loc":{"start":{"line":61,"column":35},"end":{"line":83,"column":3}},"line":61},"4":{"name":"(anonymous_4)","decl":{"start":{"line":73,"column":21},"end":{"line":73,"column":22}},"loc":{"start":{"line":73,"column":27},"end":{"line":73,"column":51}},"line":73}},"branchMap":{"0":{"loc":{"start":{"line":62,"column":4},"end":{"line":80,"column":5}},"type":"if","locations":[{"start":{"line":62,"column":4},"end":{"line":80,"column":5}},{"start":{},"end":{}}],"line":62},"1":{"loc":{"start":{"line":63,"column":6},"end":{"line":65,"column":7}},"type":"if","locations":[{"start":{"line":63,"column":6},"end":{"line":65,"column":7}},{"start":{},"end":{}}],"line":63},"2":{"loc":{"start":{"line":69,"column":35},"end":{"line":69,"column":100}},"type":"cond-expr","locations":[{"start":{"line":69,"column":62},"end":{"line":69,"column":95}},{"start":{"line":69,"column":98},"end":{"line":69,"column":100}}],"line":69}},"s":{"0":1,"1":1,"2":0,"3":3,"4":0,"5":0,"6":0,"7":0,"8":3,"9":1},"f":{"0":1,"1":0,"2":0,"3":3,"4":0},"b":{"0":[0,3],"1":[0,0],"2":[0,0]},"_coverageSchema":"1a1c01bbd47fc00a2c39e90264f33305004495a9","hash":"75ff6fc5c5b9dd7bc12882a342ed4985243fe66c"}
,"C:\\Users\\mragh\\hackathons\\promt wars\\Attemp_2\\PROMTWARS\\src\\components\\Footer.tsx": {"path":"C:\\Users\\mragh\\hackathons\\promt wars\\Attemp_2\\PROMTWARS\\src\\components\\Footer.tsx","statementMap":{"0":{"start":{"line":10,"column":15},"end":{"line":22,"column":2}},"1":{"start":{"line":11,"column":2},"end":{"line":21,"column":4}},"2":{"start":{"line":24,"column":0},"end":{"line":24,"column":30}}},"fnMap":{"0":{"name":"(anonymous_0)","decl":{"start":{"line":10,"column":20},"end":{"line":10,"column":21}},"loc":{"start":{"line":10,"column":26},"end":{"line":22,"column":1}},"line":10}},"branchMap":{},"s":{"0":1,"1":2,"2":1},"f":{"0":2},"b":{},"_coverageSchema":"1a1c01bbd47fc00a2c39e90264f33305004495a9","hash":"4f4898e2559aa63c3f797d2bb4895815a1b9a635"}
,"C:\\Users\\mragh\\hackathons\\promt wars\\Attemp_2\\PROMTWARS\\src\\components\\GoogleTranslate.tsx": {"path":"C:\\Users\\mragh\\hackathons\\promt wars\\Attemp_2\\PROMTWARS\\src\\components\\GoogleTranslate.tsx","statementMap":{"0":{"start":{"line":10,"column":35},"end":{"line":70,"column":1}},"1":{"start":{"line":11,"column":2},"end":{"line":54,"column":9}},"2":{"start":{"line":13,"column":4},"end":{"line":25,"column":6}},"3":{"start":{"line":14,"column":6},"end":{"line":14,"column":44}},"4":{"start":{"line":14,"column":37},"end":{"line":14,"column":44}},"5":{"start":{"line":15,"column":6},"end":{"line":24,"column":8}},"6":{"start":{"line":28,"column":4},"end":{"line":39,"column":6}},"7":{"start":{"line":29,"column":25},"end":{"line":37,"column":7}},"8":{"start":{"line":30,"column":23},"end":{"line":30,"column":111}},"9":{"start":{"line":31,"column":8},"end":{"line":36,"column":9}},"10":{"start":{"line":32,"column":10},"end":{"line":32,"column":38}},"11":{"start":{"line":33,"column":10},"end":{"line":33,"column":71}},"12":{"start":{"line":34,"column":15},"end":{"line":36,"column":9}},"13":{"start":{"line":35,"column":10},"end":{"line":35,"column":58}},"14":{"start":{"line":35,"column":27},"end":{"line":35,"column":51}},"15":{"start":{"line":38,"column":6},"end":{"line":38,"column":19}},"16":{"start":{"line":42,"column":4},"end":{"line":48,"column":5}},"17":{"start":{"line":43,"column":21},"end":{"line":43,"column":53}},"18":{"start":{"line":44,"column":6},"end":{"line":44,"column":30}},"19":{"start":{"line":45,"column":6},"end":{"line":45,"column":103}},"20":{"start":{"line":46,"column":6},"end":{"line":46,"column":26}},"21":{"start":{"line":47,"column":6},"end":{"line":47,"column":40}},"22":{"start":{"line":50,"column":4},"end":{"line":53,"column":6}},"23":{"start":{"line":51,"column":6},"end":{"line":51,"column":52}},"24":{"start":{"line":52,"column":6},"end":{"line":52,"column":50}},"25":{"start":{"line":56,"column":2},"end":{"line":69,"column":4}}},"fnMap":{"0":{"name":"(anonymous_0)","decl":{"start":{"line":10,"column":35},"end":{"line":10,"column":36}},"loc":{"start":{"line":10,"column":41},"end":{"line":70,"column":1}},"line":10},"1":{"name":"(anonymous_1)","decl":{"start":{"line":11,"column":12},"end":{"line":11,"column":13}},"loc":{"start":{"line":11,"column":18},"end":{"line":54,"column":3}},"line":11},"2":{"name":"(anonymous_2)","decl":{"start":{"line":13,"column":40},"end":{"line":13,"column":41}},"loc":{"start":{"line":13,"column":46},"end":{"line":25,"column":5}},"line":13},"3":{"name":"(anonymous_3)","decl":{"start":{"line":28,"column":38},"end":{"line":28,"column":39}},"loc":{"start":{"line":28,"column":64},"end":{"line":39,"column":5}},"line":28},"4":{"name":"(anonymous_4)","decl":{"start":{"line":29,"column":25},"end":{"line":29,"column":26}},"loc":{"start":{"line":29,"column":51},"end":{"line":37,"column":7}},"line":29},"5":{"name":"(anonymous_5)","decl":{"start":{"line":35,"column":21},"end":{"line":35,"column":22}},"loc":{"start":{"line":35,"column":27},"end":{"line":35,"column":51}},"line":35},"6":{"name":"(anonymous_6)","decl":{"start":{"line":50,"column":11},"end":{"line":50,"column":12}},"loc":{"start":{"line":50,"column":17},"end":{"line":53,"column":5}},"line":50}},"branchMap":{"0":{"loc":{"start":{"line":14,"column":6},"end":{"line":14,"column":44}},"type":"if","locations":[{"start":{"line":14,"column":6},"end":{"line":14,"column":44}},{"start":{},"end":{}}],"line":14},"1":{"loc":{"start":{"line":29,"column":26},"end":{"line":29,"column":46}},"type":"default-arg","locations":[{"start":{"line":29,"column":45},"end":{"line":29,"column":46}}],"line":29},"2":{"loc":{"start":{"line":31,"column":8},"end":{"line":36,"column":9}},"type":"if","locations":[{"start":{"line":31,"column":8},"end":{"line":36,"column":9}},{"start":{"line":34,"column":15},"end":{"line":36,"column":9}}],"line":31},"3":{"loc":{"start":{"line":34,"column":15},"end":{"line":36,"column":9}},"type":"if","locations":[{"start":{"line":34,"column":15},"end":{"line":36,"column":9}},{"start":{},"end":{}}],"line":34},"4":{"loc":{"start":{"line":42,"column":4},"end":{"line":48,"column":5}},"type":"if","locations":[{"start":{"line":42,"column":4},"end":{"line":48,"column":5}},{"start":{},"end":{}}],"line":42}},"s":{"0":1,"1":2,"2":1,"3":0,"4":0,"5":0,"6":1,"7":0,"8":0,"9":0,"10":0,"11":0,"12":0,"13":0,"14":0,"15":0,"16":1,"17":1,"18":1,"19":1,"20":1,"21":1,"22":1,"23":1,"24":1,"25":2},"f":{"0":2,"1":1,"2":0,"3":0,"4":0,"5":0,"6":1},"b":{"0":[0,0],"1":[0],"2":[0,0],"3":[0,0],"4":[1,0]},"_coverageSchema":"1a1c01bbd47fc00a2c39e90264f33305004495a9","hash":"a835c2cbcf505a7b62a73af46fbf387f5b8d3032"}
,"C:\\Users\\mragh\\hackathons\\promt wars\\Attemp_2\\PROMTWARS\\src\\components\\HelpButton.tsx": {"path":"C:\\Users\\mragh\\hackathons\\promt wars\\Attemp_2\\PROMTWARS\\src\\components\\HelpButton.tsx","statementMap":{"0":{"start":{"line":36,"column":39},"end":{"line":43,"column":1}},"1":{"start":{"line":50,"column":19},"end":{"line":69,"column":2}},"2":{"start":{"line":52,"column":22},"end":{"line":54,"column":24}},"3":{"start":{"line":53,"column":4},"end":{"line":53,"column":21}},"4":{"start":{"line":56,"column":2},"end":{"line":68,"column":4}},"5":{"start":{"line":71,"column":0},"end":{"line":71,"column":38}},"6":{"start":{"line":73,"column":0},"end":{"line":83,"column":2}},"7":{"start":{"line":91,"column":26},"end":{"line":162,"column":2}},"8":{"start":{"line":92,"column":30},"end":{"line":92,"column":54}},"9":{"start":{"line":93,"column":23},"end":{"line":93,"column":58}},"10":{"start":{"line":96,"column":2},"end":{"line":96,"column":37}},"11":{"start":{"line":99,"column":2},"end":{"line":114,"column":9}},"12":{"start":{"line":100,"column":31},"end":{"line":104,"column":5}},"13":{"start":{"line":101,"column":6},"end":{"line":103,"column":7}},"14":{"start":{"line":102,"column":8},"end":{"line":102,"column":25}},"15":{"start":{"line":105,"column":25},"end":{"line":107,"column":5}},"16":{"start":{"line":106,"column":6},"end":{"line":106,"column":51}},"17":{"start":{"line":106,"column":34},"end":{"line":106,"column":51}},"18":{"start":{"line":108,"column":4},"end":{"line":108,"column":63}},"19":{"start":{"line":109,"column":4},"end":{"line":109,"column":55}},"20":{"start":{"line":110,"column":4},"end":{"line":113,"column":6}},"21":{"start":{"line":111,"column":6},"end":{"line":111,"column":68}},"22":{"start":{"line":112,"column":6},"end":{"line":112,"column":60}},"23":{"start":{"line":117,"column":21},"end":{"line":120,"column":8}},"24":{"start":{"line":118,"column":4},"end":{"line":118,"column":50}},"25":{"start":{"line":119,"column":4},"end":{"line":119,"column":21}},"26":{"start":{"line":123,"column":23},"end":{"line":125,"column":8}},"27":{"start":{"line":124,"column":4},"end":{"line":124,"column":31}},"28":{"start":{"line":124,"column":24},"end":{"line":124,"column":29}},"29":{"start":{"line":127,"column":2},"end":{"line":161,"column":4}},"30":{"start":{"line":144,"column":12},"end":{"line":144,"column":80}},"31":{"start":{"line":164,"column":0},"end":{"line":164,"column":38}}},"fnMap":{"0":{"name":"(anonymous_0)","decl":{"start":{"line":50,"column":24},"end":{"line":50,"column":25}},"loc":{"start":{"line":50,"column":67},"end":{"line":69,"column":1}},"line":50},"1":{"name":"(anonymous_1)","decl":{"start":{"line":52,"column":34},"end":{"line":52,"column":35}},"loc":{"start":{"line":52,"column":40},"end":{"line":54,"column":3}},"line":52},"2":{"name":"(anonymous_2)","decl":{"start":{"line":91,"column":31},"end":{"line":91,"column":32}},"loc":{"start":{"line":91,"column":37},"end":{"line":162,"column":1}},"line":91},"3":{"name":"(anonymous_3)","decl":{"start":{"line":99,"column":12},"end":{"line":99,"column":13}},"loc":{"start":{"line":99,"column":18},"end":{"line":114,"column":3}},"line":99},"4":{"name":"(anonymous_4)","decl":{"start":{"line":100,"column":31},"end":{"line":100,"column":32}},"loc":{"start":{"line":100,"column":54},"end":{"line":104,"column":5}},"line":100},"5":{"name":"(anonymous_5)","decl":{"start":{"line":105,"column":25},"end":{"line":105,"column":26}},"loc":{"start":{"line":105,"column":62},"end":{"line":107,"column":5}},"line":105},"6":{"name":"(anonymous_6)","decl":{"start":{"line":110,"column":11},"end":{"line":110,"column":12}},"loc":{"start":{"line":110,"column":17},"end":{"line":113,"column":5}},"line":110},"7":{"name":"(anonymous_7)","decl":{"start":{"line":117,"column":33},"end":{"line":117,"column":34}},"loc":{"start":{"line":117,"column":61},"end":{"line":120,"column":3}},"line":117},"8":{"name":"(anonymous_8)","decl":{"start":{"line":123,"column":35},"end":{"line":123,"column":36}},"loc":{"start":{"line":123,"column":41},"end":{"line":125,"column":3}},"line":123},"9":{"name":"(anonymous_9)","decl":{"start":{"line":124,"column":14},"end":{"line":124,"column":15}},"loc":{"start":{"line":124,"column":24},"end":{"line":124,"column":29}},"line":124},"10":{"name":"(anonymous_10)","decl":{"start":{"line":143,"column":28},"end":{"line":143,"column":29}},"loc":{"start":{"line":144,"column":12},"end":{"line":144,"column":80}},"line":144}},"branchMap":{"0":{"loc":{"start":{"line":101,"column":6},"end":{"line":103,"column":7}},"type":"if","locations":[{"start":{"line":101,"column":6},"end":{"line":103,"column":7}},{"start":{},"end":{}}],"line":101},"1":{"loc":{"start":{"line":101,"column":10},"end":{"line":101,"column":86}},"type":"binary-expr","locations":[{"start":{"line":101,"column":10},"end":{"line":101,"column":30}},{"start":{"line":101,"column":34},"end":{"line":101,"column":86}}],"line":101},"2":{"loc":{"start":{"line":106,"column":6},"end":{"line":106,"column":51}},"type":"if","locations":[{"start":{"line":106,"column":6},"end":{"line":106,"column":51}},{"start":{},"end":{}}],"line":106},"3":{"loc":{"start":{"line":134,"column":7},"end":{"line":147,"column":7}},"type":"binary-expr","locations":[{"start":{"line":134,"column":7},"end":{"line":134,"column":13}},{"start":{"line":135,"column":8},"end":{"line":146,"column":14}}],"line":134},"4":{"loc":{"start":{"line":151,"column":34},"end":{"line":151,"column":55}},"type":"cond-expr","locations":[{"start":{"line":151,"column":43},"end":{"line":151,"column":50}},{"start":{"line":151,"column":53},"end":{"line":151,"column":55}}],"line":151},"5":{"loc":{"start":{"line":152,"column":20},"end":{"line":152,"column":80}},"type":"cond-expr","locations":[{"start":{"line":152,"column":29},"end":{"line":152,"column":51}},{"start":{"line":152,"column":54},"end":{"line":152,"column":80}}],"line":152},"6":{"loc":{"start":{"line":157,"column":9},"end":{"line":157,"column":70}},"type":"binary-expr","locations":[{"start":{"line":157,"column":9},"end":{"line":157,"column":16}},{"start":{"line":157,"column":20},"end":{"line":157,"column":70}}],"line":157},"7":{"loc":{"start":{"line":158,"column":34},"end":{"line":158,"column":53}},"type":"cond-expr","locations":[{"start":{"line":158,"column":43},"end":{"line":158,"column":46}},{"start":{"line":158,"column":49},"end":{"line":158,"column":53}}],"line":158}},"s":{"0":0,"1":0,"2":0,"3":0,"4":0,"5":0,"6":0,"7":0,"8":0,"9":0,"10":0,"11":0,"12":0,"13":0,"14":0,"15":0,"16":0,"17":0,"18":0,"19":0,"20":0,"21":0,"22":0,"23":0,"24":0,"25":0,"26":0,"27":0,"28":0,"29":0,"30":0,"31":0},"f":{"0":0,"1":0,"2":0,"3":0,"4":0,"5":0,"6":0,"7":0,"8":0,"9":0,"10":0},"b":{"0":[0,0],"1":[0,0],"2":[0,0],"3":[0,0],"4":[0,0],"5":[0,0],"6":[0,0],"7":[0,0]}}
,"C:\\Users\\mragh\\hackathons\\promt wars\\Attemp_2\\PROMTWARS\\src\\components\\LoadingSpinner.tsx": {"path":"C:\\Users\\mragh\\hackathons\\promt wars\\Attemp_2\\PROMTWARS\\src\\components\\LoadingSpinner.tsx","statementMap":{"0":{"start":{"line":18,"column":30},"end":{"line":30,"column":2}},"1":{"start":{"line":19,"column":2},"end":{"line":29,"column":4}},"2":{"start":{"line":32,"column":0},"end":{"line":32,"column":46}},"3":{"start":{"line":34,"column":0},"end":{"line":36,"column":2}}},"fnMap":{"0":{"name":"(anonymous_0)","decl":{"start":{"line":18,"column":35},"end":{"line":18,"column":36}},"loc":{"start":{"line":18,"column":84},"end":{"line":30,"column":1}},"line":18}},"branchMap":{"0":{"loc":{"start":{"line":18,"column":38},"end":{"line":18,"column":56}},"type":"default-arg","locations":[{"start":{"line":18,"column":46},"end":{"line":18,"column":56}}],"line":18}},"s":{"0":1,"1":2,"2":1,"3":1},"f":{"0":2},"b":{"0":[1]},"_coverageSchema":"1a1c01bbd47fc00a2c39e90264f33305004495a9","hash":"d4b06dd03364148ed9b5f60864bfcb3d76556b2d"}
,"C:\\Users\\mragh\\hackathons\\promt wars\\Attemp_2\\PROMTWARS\\src\\components\\Navbar.tsx": {"path":"C:\\Users\\mragh\\hackathons\\promt wars\\Attemp_2\\PROMTWARS\\src\\components\\Navbar.tsx","statementMap":{"0":{"start":{"line":28,"column":18},"end":{"line":46,"column":2}},"1":{"start":{"line":29,"column":2},"end":{"line":45,"column":4}},"2":{"start":{"line":48,"column":0},"end":{"line":48,"column":36}},"3":{"start":{"line":51,"column":24},"end":{"line":61,"column":2}},"4":{"start":{"line":52,"column":2},"end":{"line":60,"column":4}},"5":{"start":{"line":63,"column":0},"end":{"line":63,"column":48}},"6":{"start":{"line":73,"column":25},"end":{"line":154,"column":2}},"7":{"start":{"line":74,"column":30},"end":{"line":74,"column":54}},"8":{"start":{"line":75,"column":42},"end":{"line":75,"column":94}},"9":{"start":{"line":77,"column":27},"end":{"line":77,"column":89}},"10":{"start":{"line":77,"column":49},"end":{"line":77,"column":72}},"11":{"start":{"line":79,"column":31},"end":{"line":90,"column":23}},"12":{"start":{"line":80,"column":4},"end":{"line":80,"column":35}},"13":{"start":{"line":81,"column":4},"end":{"line":81,"column":21}},"14":{"start":{"line":82,"column":4},"end":{"line":82,"column":50}},"15":{"start":{"line":84,"column":4},"end":{"line":89,"column":5}},"16":{"start":{"line":85,"column":25},"end":{"line":85,"column":100}},"17":{"start":{"line":86,"column":6},"end":{"line":86,"column":41}},"18":{"start":{"line":86,"column":22},"end":{"line":86,"column":41}},"19":{"start":{"line":88,"column":6},"end":{"line":88,"column":57}},"20":{"start":{"line":92,"column":23},"end":{"line":94,"column":8}},"21":{"start":{"line":93,"column":4},"end":{"line":93,"column":31}},"22":{"start":{"line":93,"column":24},"end":{"line":93,"column":29}},"23":{"start":{"line":96,"column":24},"end":{"line":98,"column":8}},"24":{"start":{"line":97,"column":4},"end":{"line":97,"column":49}},"25":{"start":{"line":97,"column":32},"end":{"line":97,"column":49}},"26":{"start":{"line":100,"column":2},"end":{"line":153,"column":4}},"27":{"start":{"line":130,"column":40},"end":{"line":130,"column":88}},"28":{"start":{"line":130,"column":46},"end":{"line":130,"column":88}},"29":{"start":{"line":131,"column":12},"end":{"line":148,"column":14}},"30":{"start":{"line":156,"column":0},"end":{"line":156,"column":50}},"31":{"start":{"line":165,"column":16},"end":{"line":179,"column":2}},"32":{"start":{"line":166,"column":2},"end":{"line":178,"column":4}},"33":{"start":{"line":181,"column":0},"end":{"line":181,"column":32}},"34":{"start":{"line":183,"column":0},"end":{"line":190,"column":2}},"35":{"start":{"line":199,"column":22},"end":{"line":250,"column":2}},"36":{"start":{"line":200,"column":38},"end":{"line":200,"column":62}},"37":{"start":{"line":201,"column":24},"end":{"line":201,"column":42}},"38":{"start":{"line":203,"column":20},"end":{"line":203,"column":63}},"39":{"start":{"line":203,"column":38},"end":{"line":203,"column":58}},"40":{"start":{"line":204,"column":21},"end":{"line":207,"column":8}},"41":{"start":{"line":205,"column":4},"end":{"line":205,"column":24}},"42":{"start":{"line":206,"column":4},"end":{"line":206,"column":35}},"43":{"start":{"line":206,"column":28},"end":{"line":206,"column":33}},"44":{"start":{"line":209,"column":2},"end":{"line":249,"column":4}},"45":{"start":{"line":234,"column":12},"end":{"line":242,"column":14}},"46":{"start":{"line":252,"column":0},"end":{"line":252,"column":30}}},"fnMap":{"0":{"name":"(anonymous_0)","decl":{"start":{"line":28,"column":23},"end":{"line":28,"column":24}},"loc":{"start":{"line":28,"column":29},"end":{"line":46,"column":1}},"line":28},"1":{"name":"(anonymous_1)","decl":{"start":{"line":51,"column":29},"end":{"line":51,"column":30}},"loc":{"start":{"line":51,"column":35},"end":{"line":61,"column":1}},"line":51},"2":{"name":"(anonymous_2)","decl":{"start":{"line":73,"column":30},"end":{"line":73,"column":31}},"loc":{"start":{"line":73,"column":36},"end":{"line":154,"column":1}},"line":73},"3":{"name":"(anonymous_3)","decl":{"start":{"line":77,"column":42},"end":{"line":77,"column":43}},"loc":{"start":{"line":77,"column":49},"end":{"line":77,"column":72}},"line":77},"4":{"name":"(anonymous_4)","decl":{"start":{"line":79,"column":43},"end":{"line":79,"column":44}},"loc":{"start":{"line":79,"column":67},"end":{"line":90,"column":3}},"line":79},"5":{"name":"(anonymous_5)","decl":{"start":{"line":92,"column":35},"end":{"line":92,"column":36}},"loc":{"start":{"line":92,"column":41},"end":{"line":94,"column":3}},"line":92},"6":{"name":"(anonymous_6)","decl":{"start":{"line":93,"column":14},"end":{"line":93,"column":15}},"loc":{"start":{"line":93,"column":24},"end":{"line":93,"column":29}},"line":93},"7":{"name":"(anonymous_7)","decl":{"start":{"line":96,"column":36},"end":{"line":96,"column":37}},"loc":{"start":{"line":96,"column":78},"end":{"line":98,"column":3}},"line":96},"8":{"name":"(anonymous_8)","decl":{"start":{"line":129,"column":25},"end":{"line":129,"column":26}},"loc":{"start":{"line":129,"column":39},"end":{"line":149,"column":11}},"line":129},"9":{"name":"(anonymous_9)","decl":{"start":{"line":130,"column":40},"end":{"line":130,"column":41}},"loc":{"start":{"line":130,"column":46},"end":{"line":130,"column":88}},"line":130},"10":{"name":"(anonymous_10)","decl":{"start":{"line":165,"column":21},"end":{"line":165,"column":22}},"loc":{"start":{"line":165,"column":97},"end":{"line":179,"column":1}},"line":165},"11":{"name":"(anonymous_11)","decl":{"start":{"line":199,"column":27},"end":{"line":199,"column":28}},"loc":{"start":{"line":199,"column":33},"end":{"line":250,"column":1}},"line":199},"12":{"name":"(anonymous_12)","decl":{"start":{"line":203,"column":32},"end":{"line":203,"column":33}},"loc":{"start":{"line":203,"column":38},"end":{"line":203,"column":58}},"line":203},"13":{"name":"(anonymous_13)","decl":{"start":{"line":204,"column":33},"end":{"line":204,"column":34}},"loc":{"start":{"line":204,"column":71},"end":{"line":207,"column":3}},"line":204},"14":{"name":"(anonymous_14)","decl":{"start":{"line":206,"column":18},"end":{"line":206,"column":19}},"loc":{"start":{"line":206,"column":28},"end":{"line":206,"column":33}},"line":206},"15":{"name":"(anonymous_15)","decl":{"start":{"line":233,"column":25},"end":{"line":233,"column":26}},"loc":{"start":{"line":234,"column":12},"end":{"line":242,"column":14}},"line":234}},"branchMap":{"0":{"loc":{"start":{"line":77,"column":27},"end":{"line":77,"column":89}},"type":"binary-expr","locations":[{"start":{"line":77,"column":27},"end":{"line":77,"column":73}},{"start":{"line":77,"column":77},"end":{"line":77,"column":89}}],"line":77},"1":{"loc":{"start":{"line":84,"column":4},"end":{"line":89,"column":5}},"type":"if","locations":[{"start":{"line":84,"column":4},"end":{"line":89,"column":5}},{"start":{"line":87,"column":11},"end":{"line":89,"column":5}}],"line":84},"2":{"loc":{"start":{"line":86,"column":6},"end":{"line":86,"column":41}},"type":"if","locations":[{"start":{"line":86,"column":6},"end":{"line":86,"column":41}},{"start":{},"end":{}}],"line":86},"3":{"loc":{"start":{"line":97,"column":4},"end":{"line":97,"column":49}},"type":"if","locations":[{"start":{"line":97,"column":4},"end":{"line":97,"column":49}},{"start":{},"end":{}}],"line":97},"4":{"loc":{"start":{"line":104,"column":30},"end":{"line":104,"column":51}},"type":"cond-expr","locations":[{"start":{"line":104,"column":39},"end":{"line":104,"column":46}},{"start":{"line":104,"column":49},"end":{"line":104,"column":51}}],"line":104},"5":{"loc":{"start":{"line":117,"column":7},"end":{"line":151,"column":7}},"type":"binary-expr","locations":[{"start":{"line":117,"column":7},"end":{"line":117,"column":13}},{"start":{"line":118,"column":8},"end":{"line":150,"column":14}}],"line":117},"6":{"loc":{"start":{"line":135,"column":41},"end":{"line":135,"column":97}},"type":"cond-expr","locations":[{"start":{"line":135,"column":83},"end":{"line":135,"column":92}},{"start":{"line":135,"column":95},"end":{"line":135,"column":97}}],"line":135},"7":{"loc":{"start":{"line":142,"column":17},"end":{"line":146,"column":17}},"type":"binary-expr","locations":[{"start":{"line":142,"column":17},"end":{"line":142,"column":56}},{"start":{"line":143,"column":18},"end":{"line":145,"column":25}}],"line":142},"8":{"loc":{"start":{"line":171,"column":22},"end":{"line":171,"column":70}},"type":"cond-expr","locations":[{"start":{"line":171,"column":52},"end":{"line":171,"column":58}},{"start":{"line":171,"column":61},"end":{"line":171,"column":70}}],"line":171},"9":{"loc":{"start":{"line":172,"column":19},"end":{"line":172,"column":62}},"type":"cond-expr","locations":[{"start":{"line":172,"column":49},"end":{"line":172,"column":57}},{"start":{"line":172,"column":60},"end":{"line":172,"column":62}}],"line":172},"10":{"loc":{"start":{"line":226,"column":11},"end":{"line":226,"column":33}},"type":"cond-expr","locations":[{"start":{"line":226,"column":24},"end":{"line":226,"column":27}},{"start":{"line":226,"column":30},"end":{"line":226,"column":33}}],"line":226},"11":{"loc":{"start":{"line":230,"column":33},"end":{"line":230,"column":58}},"type":"cond-expr","locations":[{"start":{"line":230,"column":46},"end":{"line":230,"column":53}},{"start":{"line":230,"column":56},"end":{"line":230,"column":58}}],"line":230}},"s":{"0":1,"1":1,"2":1,"3":1,"4":1,"5":1,"6":1,"7":1,"8":1,"9":1,"10":1,"11":1,"12":0,"13":0,"14":0,"15":0,"16":0,"17":0,"18":0,"19":0,"20":1,"21":0,"22":0,"23":1,"24":0,"25":0,"26":1,"27":0,"28":0,"29":0,"30":1,"31":1,"32":6,"33":1,"34":1,"35":1,"36":2,"37":2,"38":2,"39":0,"40":2,"41":1,"42":1,"43":1,"44":2,"45":12,"46":1},"f":{"0":1,"1":1,"2":1,"3":1,"4":0,"5":0,"6":0,"7":0,"8":0,"9":0,"10":6,"11":2,"12":0,"13":1,"14":1,"15":12},"b":{"0":[1,0],"1":[0,0],"2":[0,0],"3":[0,0],"4":[0,1],"5":[1,0],"6":[0,0],"7":[0,0],"8":[1,5],"9":[1,5],"10":[1,1],"11":[1,1]},"_coverageSchema":"1a1c01bbd47fc00a2c39e90264f33305004495a9","hash":"f313d57ade888fd31b04cbb473ce806ffd4a2194"}
,"C:\\Users\\mragh\\hackathons\\promt wars\\Attemp_2\\PROMTWARS\\src\\components\\Tests.tsx": {"path":"C:\\Users\\mragh\\hackathons\\promt wars\\Attemp_2\\PROMTWARS\\src\\components\\Tests.tsx","statementMap":{"0":{"start":{"line":9,"column":16},"end":{"line":42,"column":2}},"1":{"start":{"line":10,"column":18},"end":{"line":10,"column":53}},"2":{"start":{"line":12,"column":2},"end":{"line":26,"column":14}},"3":{"start":{"line":13,"column":15},"end":{"line":13,"column":30}},"4":{"start":{"line":14,"column":4},"end":{"line":14,"column":20}},"5":{"start":{"line":14,"column":13},"end":{"line":14,"column":20}},"6":{"start":{"line":15,"column":15},"end":{"line":23,"column":5}},"7":{"start":{"line":17,"column":8},"end":{"line":20,"column":9}},"8":{"start":{"line":18,"column":10},"end":{"line":18,"column":39}},"9":{"start":{"line":19,"column":10},"end":{"line":19,"column":27}},"10":{"start":{"line":24,"column":4},"end":{"line":24,"column":19}},"11":{"start":{"line":25,"column":4},"end":{"line":25,"column":33}},"12":{"start":{"line":25,"column":17},"end":{"line":25,"column":32}},"13":{"start":{"line":28,"column":2},"end":{"line":41,"column":4}},"14":{"start":{"line":44,"column":0},"end":{"line":44,"column":32}},"15":{"start":{"line":49,"column":21},"end":{"line":115,"column":1}},"16":{"start":{"line":50,"column":2},"end":{"line":114,"column":4}},"17":{"start":{"line":92,"column":16},"end":{"line":101,"column":21}},"18":{"start":{"line":109,"column":12},"end":{"line":109,"column":72}}},"fnMap":{"0":{"name":"(anonymous_0)","decl":{"start":{"line":9,"column":21},"end":{"line":9,"column":22}},"loc":{"start":{"line":9,"column":56},"end":{"line":42,"column":1}},"line":9},"1":{"name":"(anonymous_1)","decl":{"start":{"line":12,"column":12},"end":{"line":12,"column":13}},"loc":{"start":{"line":12,"column":18},"end":{"line":26,"column":3}},"line":12},"2":{"name":"(anonymous_2)","decl":{"start":{"line":16,"column":6},"end":{"line":16,"column":7}},"loc":{"start":{"line":16,"column":19},"end":{"line":21,"column":7}},"line":16},"3":{"name":"(anonymous_3)","decl":{"start":{"line":25,"column":11},"end":{"line":25,"column":12}},"loc":{"start":{"line":25,"column":17},"end":{"line":25,"column":32}},"line":25},"4":{"name":"(anonymous_4)","decl":{"start":{"line":49,"column":21},"end":{"line":49,"column":22}},"loc":{"start":{"line":49,"column":27},"end":{"line":115,"column":1}},"line":49},"5":{"name":"(anonymous_5)","decl":{"start":{"line":91,"column":25},"end":{"line":91,"column":26}},"loc":{"start":{"line":92,"column":16},"end":{"line":101,"column":21}},"line":92},"6":{"name":"(anonymous_6)","decl":{"start":{"line":108,"column":30},"end":{"line":108,"column":31}},"loc":{"start":{"line":109,"column":12},"end":{"line":109,"column":72}},"line":109}},"branchMap":{"0":{"loc":{"start":{"line":14,"column":4},"end":{"line":14,"column":20}},"type":"if","locations":[{"start":{"line":14,"column":4},"end":{"line":14,"column":20}},{"start":{},"end":{}}],"line":14},"1":{"loc":{"start":{"line":17,"column":8},"end":{"line":20,"column":9}},"type":"if","locations":[{"start":{"line":17,"column":8},"end":{"line":20,"column":9}},{"start":{},"end":{}}],"line":17}},"s":{"0":0,"1":0,"2":0,"3":0,"4":0,"5":0,"6":0,"7":0,"8":0,"9":0,"10":0,"11":0,"12":0,"13":0,"14":0,"15":0,"16":0,"17":0,"18":0},"f":{"0":0,"1":0,"2":0,"3":0,"4":0,"5":0,"6":0},"b":{"0":[0,0],"1":[0,0]}}
,"C:\\Users\\mragh\\hackathons\\promt wars\\Attemp_2\\PROMTWARS\\src\\constants\\index.ts": {"path":"C:\\Users\\mragh\\hackathons\\promt wars\\Attemp_2\\PROMTWARS\\src\\constants\\index.ts","statementMap":{"0":{"start":{"line":2,"column":24},"end":{"line":2,"column":33}},"1":{"start":{"line":3,"column":27},"end":{"line":3,"column":55}},"2":{"start":{"line":5,"column":2},"end":{"line":5,"column":129}},"3":{"start":{"line":6,"column":27},"end":{"line":6,"column":34}},"4":{"start":{"line":9,"column":25},"end":{"line":16,"column":1}},"5":{"start":{"line":18,"column":27},"end":{"line":18,"column":60}},"6":{"start":{"line":18,"column":48},"end":{"line":18,"column":59}},"7":{"start":{"line":21,"column":25},"end":{"line":32,"column":1}},"8":{"start":{"line":35,"column":28},"end":{"line":35,"column":74}},"9":{"start":{"line":37,"column":2},"end":{"line":37,"column":58}},"10":{"start":{"line":39,"column":28},"end":{"line":45,"column":1}},"11":{"start":{"line":47,"column":26},"end":{"line":54,"column":1}},"12":{"start":{"line":57,"column":32},"end":{"line":79,"column":1}},"13":{"start":{"line":82,"column":28},"end":{"line":82,"column":48}},"14":{"start":{"line":83,"column":38},"end":{"line":83,"column":39}},"15":{"start":{"line":85,"column":29},"end":{"line":89,"column":1}},"16":{"start":{"line":91,"column":27},"end":{"line":95,"column":1}},"17":{"start":{"line":98,"column":32},"end":{"line":98,"column":72}},"18":{"start":{"line":99,"column":32},"end":{"line":99,"column":77}},"19":{"start":{"line":102,"column":32},"end":{"line":102,"column":46}},"20":{"start":{"line":103,"column":38},"end":{"line":103,"column":42}},"21":{"start":{"line":104,"column":34},"end":{"line":104,"column":37}},"22":{"start":{"line":105,"column":34},"end":{"line":105,"column":37}},"23":{"start":{"line":108,"column":28},"end":{"line":111,"column":1}},"24":{"start":{"line":114,"column":27},"end":{"line":122,"column":1}}},"fnMap":{"0":{"name":"(anonymous_0)","decl":{"start":{"line":18,"column":41},"end":{"line":18,"column":42}},"loc":{"start":{"line":18,"column":48},"end":{"line":18,"column":59}},"line":18}},"branchMap":{"0":{"loc":{"start":{"line":35,"column":28},"end":{"line":35,"column":74}},"type":"binary-expr","locations":[{"start":{"line":35,"column":28},"end":{"line":35,"column":68}},{"start":{"line":35,"column":72},"end":{"line":35,"column":74}}],"line":35},"1":{"loc":{"start":{"line":37,"column":2},"end":{"line":37,"column":58}},"type":"binary-expr","locations":[{"start":{"line":37,"column":2},"end":{"line":37,"column":23}},{"start":{"line":37,"column":27},"end":{"line":37,"column":58}}],"line":37}},"s":{"0":0,"1":0,"2":0,"3":0,"4":0,"5":0,"6":0,"7":0,"8":0,"9":0,"10":0,"11":0,"12":0,"13":0,"14":0,"15":0,"16":0,"17":0,"18":0,"19":0,"20":0,"21":0,"22":0,"23":0,"24":0},"f":{"0":0},"b":{"0":[0,0],"1":[0,0]}}
,"C:\\Users\\mragh\\hackathons\\promt wars\\Attemp_2\\PROMTWARS\\src\\data\\content.ts": {"path":"C:\\Users\\mragh\\hackathons\\promt wars\\Attemp_2\\PROMTWARS\\src\\data\\content.ts","statementMap":{"0":{"start":{"line":1,"column":21},"end":{"line":17,"column":1}},"1":{"start":{"line":19,"column":29},"end":{"line":30,"column":1}},"2":{"start":{"line":32,"column":30},"end":{"line":39,"column":1}},"3":{"start":{"line":41,"column":21},"end":{"line":48,"column":1}}},"fnMap":{},"branchMap":{},"s":{"0":2,"1":2,"2":2,"3":2},"f":{},"b":{},"_coverageSchema":"1a1c01bbd47fc00a2c39e90264f33305004495a9","hash":"45bb3447935cebd530d5dbe4b75e6422bd4abba9"}
,"C:\\Users\\mragh\\hackathons\\promt wars\\Attemp_2\\PROMTWARS\\src\\data\\phases.ts": {"path":"C:\\Users\\mragh\\hackathons\\promt wars\\Attemp_2\\PROMTWARS\\src\\data\\phases.ts","statementMap":{"0":{"start":{"line":1,"column":22},"end":{"line":44,"column":1}}},"fnMap":{},"branchMap":{},"s":{"0":1},"f":{},"b":{},"_coverageSchema":"1a1c01bbd47fc00a2c39e90264f33305004495a9","hash":"999aab6d43aec86e4c8c9e283c1460a7a5b39ab8"}
,"C:\\Users\\mragh\\hackathons\\promt wars\\Attemp_2\\PROMTWARS\\src\\data\\questions.ts": {"path":"C:\\Users\\mragh\\hackathons\\promt wars\\Attemp_2\\PROMTWARS\\src\\data\\questions.ts","statementMap":{"0":{"start":{"line":1,"column":25},"end":{"line":72,"column":1}}},"fnMap":{},"branchMap":{},"s":{"0":1},"f":{},"b":{},"_coverageSchema":"1a1c01bbd47fc00a2c39e90264f33305004495a9","hash":"9b7a0fe2a15d65fde16a98e49af4b3cb3656a465"}
,"C:\\Users\\mragh\\hackathons\\promt wars\\Attemp_2\\PROMTWARS\\src\\features\\chat\\AIChat.tsx": {"path":"C:\\Users\\mragh\\hackathons\\promt wars\\Attemp_2\\PROMTWARS\\src\\features\\chat\\AIChat.tsx","statementMap":{"0":{"start":{"line":21,"column":22},"end":{"line":123,"column":2}},"1":{"start":{"line":22,"column":34},"end":{"line":22,"column":61}},"2":{"start":{"line":23,"column":28},"end":{"line":23,"column":40}},"3":{"start":{"line":24,"column":20},"end":{"line":24,"column":48}},"4":{"start":{"line":29,"column":2},"end":{"line":33,"column":17}},"5":{"start":{"line":30,"column":4},"end":{"line":32,"column":5}},"6":{"start":{"line":31,"column":6},"end":{"line":31,"column":67}},"7":{"start":{"line":39,"column":21},"end":{"line":56,"column":13}},"8":{"start":{"line":40,"column":25},"end":{"line":40,"column":37}},"9":{"start":{"line":41,"column":4},"end":{"line":41,"column":30}},"10":{"start":{"line":41,"column":23},"end":{"line":41,"column":30}},"11":{"start":{"line":44,"column":27},"end":{"line":44,"column":59}},"12":{"start":{"line":46,"column":4},"end":{"line":46,"column":75}},"13":{"start":{"line":46,"column":24},"end":{"line":46,"column":73}},"14":{"start":{"line":47,"column":4},"end":{"line":47,"column":17}},"15":{"start":{"line":50,"column":4},"end":{"line":55,"column":13}},"16":{"start":{"line":51,"column":6},"end":{"line":54,"column":10}},"17":{"start":{"line":51,"column":26},"end":{"line":54,"column":8}},"18":{"start":{"line":62,"column":24},"end":{"line":66,"column":18}},"19":{"start":{"line":63,"column":4},"end":{"line":65,"column":5}},"20":{"start":{"line":64,"column":6},"end":{"line":64,"column":19}},"21":{"start":{"line":72,"column":28},"end":{"line":74,"column":8}},"22":{"start":{"line":73,"column":4},"end":{"line":73,"column":29}},"23":{"start":{"line":76,"column":2},"end":{"line":122,"column":4}},"24":{"start":{"line":92,"column":10},"end":{"line":99,"column":16}},"25":{"start":{"line":125,"column":0},"end":{"line":125,"column":30}}},"fnMap":{"0":{"name":"(anonymous_0)","decl":{"start":{"line":21,"column":27},"end":{"line":21,"column":28}},"loc":{"start":{"line":21,"column":33},"end":{"line":123,"column":1}},"line":21},"1":{"name":"(anonymous_1)","decl":{"start":{"line":29,"column":12},"end":{"line":29,"column":13}},"loc":{"start":{"line":29,"column":18},"end":{"line":33,"column":3}},"line":29},"2":{"name":"(anonymous_2)","decl":{"start":{"line":39,"column":33},"end":{"line":39,"column":34}},"loc":{"start":{"line":39,"column":39},"end":{"line":56,"column":3}},"line":39},"3":{"name":"(anonymous_3)","decl":{"start":{"line":46,"column":16},"end":{"line":46,"column":17}},"loc":{"start":{"line":46,"column":24},"end":{"line":46,"column":73}},"line":46},"4":{"name":"(anonymous_4)","decl":{"start":{"line":50,"column":15},"end":{"line":50,"column":16}},"loc":{"start":{"line":50,"column":21},"end":{"line":55,"column":5}},"line":50},"5":{"name":"(anonymous_5)","decl":{"start":{"line":51,"column":18},"end":{"line":51,"column":19}},"loc":{"start":{"line":51,"column":26},"end":{"line":54,"column":8}},"line":51},"6":{"name":"(anonymous_6)","decl":{"start":{"line":62,"column":36},"end":{"line":62,"column":37}},"loc":{"start":{"line":62,"column":64},"end":{"line":66,"column":3}},"line":62},"7":{"name":"(anonymous_7)","decl":{"start":{"line":72,"column":40},"end":{"line":72,"column":41}},"loc":{"start":{"line":72,"column":84},"end":{"line":74,"column":3}},"line":72},"8":{"name":"(anonymous_8)","decl":{"start":{"line":91,"column":22},"end":{"line":91,"column":23}},"loc":{"start":{"line":92,"column":10},"end":{"line":99,"column":16}},"line":92}},"branchMap":{"0":{"loc":{"start":{"line":30,"column":4},"end":{"line":32,"column":5}},"type":"if","locations":[{"start":{"line":30,"column":4},"end":{"line":32,"column":5}},{"start":{},"end":{}}],"line":30},"1":{"loc":{"start":{"line":41,"column":4},"end":{"line":41,"column":30}},"type":"if","locations":[{"start":{"line":41,"column":4},"end":{"line":41,"column":30}},{"start":{},"end":{}}],"line":41},"2":{"loc":{"start":{"line":63,"column":4},"end":{"line":65,"column":5}},"type":"if","locations":[{"start":{"line":63,"column":4},"end":{"line":65,"column":5}},{"start":{},"end":{}}],"line":63},"3":{"loc":{"start":{"line":96,"column":27},"end":{"line":96,"column":81}},"type":"cond-expr","locations":[{"start":{"line":96,"column":49},"end":{"line":96,"column":59}},{"start":{"line":96,"column":62},"end":{"line":96,"column":81}}],"line":96}},"s":{"0":0,"1":0,"2":0,"3":0,"4":0,"5":0,"6":0,"7":0,"8":0,"9":0,"10":0,"11":0,"12":0,"13":0,"14":0,"15":0,"16":0,"17":0,"18":0,"19":0,"20":0,"21":0,"22":0,"23":0,"24":0,"25":0},"f":{"0":0,"1":0,"2":0,"3":0,"4":0,"5":0,"6":0,"7":0,"8":0},"b":{"0":[0,0],"1":[0,0],"2":[0,0],"3":[0,0]}}
,"C:\\Users\\mragh\\hackathons\\promt wars\\Attemp_2\\PROMTWARS\\src\\features\\core\\CTA.tsx": {"path":"C:\\Users\\mragh\\hackathons\\promt wars\\Attemp_2\\PROMTWARS\\src\\features\\core\\CTA.tsx","statementMap":{"0":{"start":{"line":9,"column":19},"end":{"line":41,"column":2}},"1":{"start":{"line":10,"column":2},"end":{"line":40,"column":4}},"2":{"start":{"line":43,"column":0},"end":{"line":43,"column":24}}},"fnMap":{"0":{"name":"(anonymous_0)","decl":{"start":{"line":9,"column":24},"end":{"line":9,"column":25}},"loc":{"start":{"line":9,"column":30},"end":{"line":41,"column":1}},"line":9}},"branchMap":{},"s":{"0":1,"1":2,"2":1},"f":{"0":2},"b":{},"_coverageSchema":"1a1c01bbd47fc00a2c39e90264f33305004495a9","hash":"2e84cd2673550a3a0f77d3e925e97ca26036b7f2"}
,"C:\\Users\\mragh\\hackathons\\promt wars\\Attemp_2\\PROMTWARS\\src\\features\\core\\Glossary.tsx": {"path":"C:\\Users\\mragh\\hackathons\\promt wars\\Attemp_2\\PROMTWARS\\src\\features\\core\\Glossary.tsx","statementMap":{"0":{"start":{"line":24,"column":21},"end":{"line":29,"column":2}},"1":{"start":{"line":25,"column":2},"end":{"line":28,"column":12}},"2":{"start":{"line":31,"column":0},"end":{"line":31,"column":42}},"3":{"start":{"line":33,"column":0},"end":{"line":38,"column":2}},"4":{"start":{"line":46,"column":24},"end":{"line":110,"column":2}},"5":{"start":{"line":47,"column":40},"end":{"line":47,"column":60}},"6":{"start":{"line":48,"column":25},"end":{"line":48,"column":69}},"7":{"start":{"line":51,"column":29},"end":{"line":53,"column":8}},"8":{"start":{"line":52,"column":4},"end":{"line":52,"column":53}},"9":{"start":{"line":55,"column":24},"end":{"line":64,"column":22}},"10":{"start":{"line":56,"column":23},"end":{"line":56,"column":58}},"11":{"start":{"line":57,"column":21},"end":{"line":57,"column":56}},"12":{"start":{"line":58,"column":4},"end":{"line":58,"column":37}},"13":{"start":{"line":58,"column":21},"end":{"line":58,"column":37}},"14":{"start":{"line":59,"column":4},"end":{"line":63,"column":6}},"15":{"start":{"line":61,"column":8},"end":{"line":62,"column":51}},"16":{"start":{"line":66,"column":2},"end":{"line":109,"column":4}},"17":{"start":{"line":101,"column":14},"end":{"line":101,"column":58}},"18":{"start":{"line":112,"column":0},"end":{"line":112,"column":34}}},"fnMap":{"0":{"name":"(anonymous_0)","decl":{"start":{"line":24,"column":26},"end":{"line":24,"column":27}},"loc":{"start":{"line":25,"column":2},"end":{"line":28,"column":12}},"line":25},"1":{"name":"(anonymous_1)","decl":{"start":{"line":46,"column":29},"end":{"line":46,"column":30}},"loc":{"start":{"line":46,"column":35},"end":{"line":110,"column":1}},"line":46},"2":{"name":"(anonymous_2)","decl":{"start":{"line":51,"column":41},"end":{"line":51,"column":42}},"loc":{"start":{"line":51,"column":83},"end":{"line":53,"column":3}},"line":51},"3":{"name":"(anonymous_3)","decl":{"start":{"line":55,"column":32},"end":{"line":55,"column":33}},"loc":{"start":{"line":55,"column":38},"end":{"line":64,"column":3}},"line":55},"4":{"name":"(anonymous_4)","decl":{"start":{"line":60,"column":6},"end":{"line":60,"column":7}},"loc":{"start":{"line":61,"column":8},"end":{"line":62,"column":51}},"line":61},"5":{"name":"(anonymous_5)","decl":{"start":{"line":100,"column":30},"end":{"line":100,"column":31}},"loc":{"start":{"line":101,"column":14},"end":{"line":101,"column":58}},"line":101}},"branchMap":{"0":{"loc":{"start":{"line":58,"column":4},"end":{"line":58,"column":37}},"type":"if","locations":[{"start":{"line":58,"column":4},"end":{"line":58,"column":37}},{"start":{},"end":{}}],"line":58},"1":{"loc":{"start":{"line":61,"column":8},"end":{"line":62,"column":51}},"type":"binary-expr","locations":[{"start":{"line":61,"column":8},"end":{"line":61,"column":52}},{"start":{"line":62,"column":8},"end":{"line":62,"column":51}}],"line":61},"2":{"loc":{"start":{"line":97,"column":53},"end":{"line":97,"column":90}},"type":"cond-expr","locations":[{"start":{"line":97,"column":82},"end":{"line":97,"column":85}},{"start":{"line":97,"column":88},"end":{"line":97,"column":90}}],"line":97},"3":{"loc":{"start":{"line":99,"column":11},"end":{"line":105,"column":11}},"type":"cond-expr","locations":[{"start":{"line":100,"column":12},"end":{"line":102,"column":14}},{"start":{"line":104,"column":12},"end":{"line":104,"column":73}}],"line":99}},"s":{"0":1,"1":10,"2":1,"3":1,"4":1,"5":7,"6":7,"7":7,"8":6,"9":7,"10":1,"11":1,"12":1,"13":1,"14":0,"15":0,"16":7,"17":70,"18":1},"f":{"0":10,"1":7,"2":6,"3":1,"4":0,"5":70},"b":{"0":[1,0],"1":[0,0],"2":[7,0],"3":[7,0]},"_coverageSchema":"1a1c01bbd47fc00a2c39e90264f33305004495a9","hash":"492538a9c4ccd034cdb3a81c4ebc9abce2bee2fa"}
,"C:\\Users\\mragh\\hackathons\\promt wars\\Attemp_2\\PROMTWARS\\src\\features\\core\\HowItWorks.tsx": {"path":"C:\\Users\\mragh\\hackathons\\promt wars\\Attemp_2\\PROMTWARS\\src\\features\\core\\HowItWorks.tsx","statementMap":{"0":{"start":{"line":24,"column":17},"end":{"line":33,"column":2}},"1":{"start":{"line":25,"column":2},"end":{"line":32,"column":4}},"2":{"start":{"line":35,"column":0},"end":{"line":35,"column":34}},"3":{"start":{"line":37,"column":0},"end":{"line":42,"column":2}},"4":{"start":{"line":49,"column":26},"end":{"line":70,"column":2}},"5":{"start":{"line":50,"column":2},"end":{"line":69,"column":4}},"6":{"start":{"line":64,"column":12},"end":{"line":64,"column":107}},"7":{"start":{"line":72,"column":0},"end":{"line":72,"column":38}}},"fnMap":{"0":{"name":"(anonymous_0)","decl":{"start":{"line":24,"column":22},"end":{"line":24,"column":23}},"loc":{"start":{"line":24,"column":69},"end":{"line":33,"column":1}},"line":24},"1":{"name":"(anonymous_1)","decl":{"start":{"line":49,"column":31},"end":{"line":49,"column":32}},"loc":{"start":{"line":49,"column":37},"end":{"line":70,"column":1}},"line":49},"2":{"name":"(anonymous_2)","decl":{"start":{"line":63,"column":21},"end":{"line":63,"column":22}},"loc":{"start":{"line":64,"column":12},"end":{"line":64,"column":107}},"line":64}},"branchMap":{},"s":{"0":1,"1":12,"2":1,"3":1,"4":1,"5":2,"6":12,"7":1},"f":{"0":12,"1":2,"2":12},"b":{},"_coverageSchema":"1a1c01bbd47fc00a2c39e90264f33305004495a9","hash":"6ab8b6814649678591a3962e760bdd9fb70ef13f"}
,"C:\\Users\\mragh\\hackathons\\promt wars\\Attemp_2\\PROMTWARS\\src\\features\\hero\\Hero.tsx": {"path":"C:\\Users\\mragh\\hackathons\\promt wars\\Attemp_2\\PROMTWARS\\src\\features\\hero\\Hero.tsx","statementMap":{"0":{"start":{"line":32,"column":17},"end":{"line":45,"column":2}},"1":{"start":{"line":33,"column":2},"end":{"line":44,"column":4}},"2":{"start":{"line":47,"column":0},"end":{"line":47,"column":34}},"3":{"start":{"line":49,"column":0},"end":{"line":54,"column":2}},"4":{"start":{"line":62,"column":20},"end":{"line":118,"column":2}},"5":{"start":{"line":64,"column":23},"end":{"line":72,"column":3}},"6":{"start":{"line":65,"column":46},"end":{"line":71,"column":5}},"7":{"start":{"line":74,"column":2},"end":{"line":117,"column":4}},"8":{"start":{"line":80,"column":10},"end":{"line":86,"column":12}},"9":{"start":{"line":120,"column":0},"end":{"line":120,"column":26}}},"fnMap":{"0":{"name":"(anonymous_0)","decl":{"start":{"line":32,"column":22},"end":{"line":32,"column":23}},"loc":{"start":{"line":32,"column":74},"end":{"line":45,"column":1}},"line":32},"1":{"name":"(anonymous_1)","decl":{"start":{"line":62,"column":25},"end":{"line":62,"column":26}},"loc":{"start":{"line":62,"column":31},"end":{"line":118,"column":1}},"line":62},"2":{"name":"(anonymous_2)","decl":{"start":{"line":65,"column":31},"end":{"line":65,"column":32}},"loc":{"start":{"line":65,"column":46},"end":{"line":71,"column":5}},"line":65},"3":{"name":"(anonymous_3)","decl":{"start":{"line":79,"column":34},"end":{"line":79,"column":35}},"loc":{"start":{"line":80,"column":10},"end":{"line":86,"column":12}},"line":80}},"branchMap":{},"s":{"0":1,"1":42,"2":1,"3":1,"4":1,"5":3,"6":42,"7":3,"8":42,"9":1},"f":{"0":42,"1":3,"2":42,"3":42},"b":{},"_coverageSchema":"1a1c01bbd47fc00a2c39e90264f33305004495a9","hash":"8f7582a34ac197cda82591f199b110496d9ec7a3"}
,"C:\\Users\\mragh\\hackathons\\promt wars\\Attemp_2\\PROMTWARS\\src\\features\\map\\PollMap.tsx": {"path":"C:\\Users\\mragh\\hackathons\\promt wars\\Attemp_2\\PROMTWARS\\src\\features\\map\\PollMap.tsx","statementMap":{"0":{"start":{"line":24,"column":23},"end":{"line":334,"column":2}},"1":{"start":{"line":25,"column":42},"end":{"line":25,"column":58}},"2":{"start":{"line":26,"column":25},"end":{"line":26,"column":39}},"3":{"start":{"line":28,"column":21},"end":{"line":28,"column":46}},"4":{"start":{"line":29,"column":17},"end":{"line":29,"column":52}},"5":{"start":{"line":30,"column":23},"end":{"line":30,"column":59}},"6":{"start":{"line":31,"column":21},"end":{"line":31,"column":53}},"7":{"start":{"line":32,"column":32},"end":{"line":32,"column":83}},"8":{"start":{"line":34,"column":32},"end":{"line":34,"column":66}},"9":{"start":{"line":35,"column":42},"end":{"line":35,"column":62}},"10":{"start":{"line":36,"column":34},"end":{"line":36,"column":57}},"11":{"start":{"line":37,"column":48},"end":{"line":37,"column":78}},"12":{"start":{"line":38,"column":42},"end":{"line":38,"column":66}},"13":{"start":{"line":44,"column":2},"end":{"line":59,"column":9}},"14":{"start":{"line":45,"column":4},"end":{"line":45,"column":36}},"15":{"start":{"line":45,"column":29},"end":{"line":45,"column":36}},"16":{"start":{"line":47,"column":21},"end":{"line":55,"column":5}},"17":{"start":{"line":49,"column":8},"end":{"line":52,"column":9}},"18":{"start":{"line":50,"column":10},"end":{"line":50,"column":32}},"19":{"start":{"line":51,"column":10},"end":{"line":51,"column":32}},"20":{"start":{"line":57,"column":4},"end":{"line":57,"column":41}},"21":{"start":{"line":58,"column":4},"end":{"line":58,"column":39}},"22":{"start":{"line":58,"column":17},"end":{"line":58,"column":38}},"23":{"start":{"line":64,"column":2},"end":{"line":93,"column":21}},"24":{"start":{"line":65,"column":4},"end":{"line":65,"column":30}},"25":{"start":{"line":65,"column":23},"end":{"line":65,"column":30}},"26":{"start":{"line":68,"column":24},"end":{"line":75,"column":5}},"27":{"start":{"line":69,"column":6},"end":{"line":74,"column":7}},"28":{"start":{"line":70,"column":21},"end":{"line":70,"column":75}},"29":{"start":{"line":71,"column":8},"end":{"line":71,"column":25}},"30":{"start":{"line":78,"column":29},"end":{"line":85,"column":5}},"31":{"start":{"line":79,"column":6},"end":{"line":84,"column":7}},"32":{"start":{"line":80,"column":21},"end":{"line":80,"column":77}},"33":{"start":{"line":81,"column":8},"end":{"line":81,"column":30}},"34":{"start":{"line":83,"column":8},"end":{"line":83,"column":41}},"35":{"start":{"line":87,"column":4},"end":{"line":87,"column":18}},"36":{"start":{"line":88,"column":4},"end":{"line":88,"column":23}},"37":{"start":{"line":90,"column":18},"end":{"line":90,"column":65}},"38":{"start":{"line":91,"column":4},"end":{"line":91,"column":23}},"39":{"start":{"line":92,"column":4},"end":{"line":92,"column":41}},"40":{"start":{"line":98,"column":2},"end":{"line":135,"column":35}},"41":{"start":{"line":99,"column":4},"end":{"line":99,"column":86}},"42":{"start":{"line":99,"column":79},"end":{"line":99,"column":86}},"43":{"start":{"line":101,"column":19},"end":{"line":105,"column":6}},"44":{"start":{"line":108,"column":20},"end":{"line":132,"column":5}},"45":{"start":{"line":109,"column":6},"end":{"line":131,"column":7}},"46":{"start":{"line":110,"column":23},"end":{"line":110,"column":42}},"47":{"start":{"line":111,"column":8},"end":{"line":128,"column":9}},"48":{"start":{"line":112,"column":10},"end":{"line":121,"column":13}},"49":{"start":{"line":123,"column":10},"end":{"line":126,"column":13}},"50":{"start":{"line":127,"column":10},"end":{"line":127,"column":69}},"51":{"start":{"line":134,"column":4},"end":{"line":134,"column":14}},"52":{"start":{"line":140,"column":2},"end":{"line":202,"column":43}},"53":{"start":{"line":141,"column":4},"end":{"line":141,"column":55}},"54":{"start":{"line":141,"column":48},"end":{"line":141,"column":55}},"55":{"start":{"line":143,"column":4},"end":{"line":143,"column":54}},"56":{"start":{"line":143,"column":38},"end":{"line":143,"column":52}},"57":{"start":{"line":144,"column":4},"end":{"line":144,"column":28}},"58":{"start":{"line":146,"column":19},"end":{"line":146,"column":41}},"59":{"start":{"line":147,"column":4},"end":{"line":147,"column":24}},"60":{"start":{"line":147,"column":17},"end":{"line":147,"column":24}},"61":{"start":{"line":149,"column":23},"end":{"line":162,"column":6}},"62":{"start":{"line":163,"column":4},"end":{"line":163,"column":40}},"63":{"start":{"line":165,"column":4},"end":{"line":199,"column":7}},"64":{"start":{"line":166,"column":21},"end":{"line":179,"column":8}},"65":{"start":{"line":181,"column":25},"end":{"line":188,"column":8}},"66":{"start":{"line":190,"column":6},"end":{"line":196,"column":9}},"67":{"start":{"line":191,"column":8},"end":{"line":195,"column":9}},"68":{"start":{"line":192,"column":10},"end":{"line":192,"column":56}},"69":{"start":{"line":193,"column":10},"end":{"line":193,"column":38}},"70":{"start":{"line":194,"column":10},"end":{"line":194,"column":73}},"71":{"start":{"line":198,"column":6},"end":{"line":198,"column":38}},"72":{"start":{"line":201,"column":4},"end":{"line":201,"column":45}},"73":{"start":{"line":207,"column":2},"end":{"line":226,"column":38}},"74":{"start":{"line":208,"column":4},"end":{"line":208,"column":95}},"75":{"start":{"line":208,"column":88},"end":{"line":208,"column":95}},"76":{"start":{"line":210,"column":19},"end":{"line":210,"column":41}},"77":{"start":{"line":211,"column":4},"end":{"line":211,"column":24}},"78":{"start":{"line":211,"column":17},"end":{"line":211,"column":24}},"79":{"start":{"line":213,"column":30},"end":{"line":213,"column":65}},"80":{"start":{"line":214,"column":4},"end":{"line":225,"column":6}},"81":{"start":{"line":221,"column":8},"end":{"line":223,"column":9}},"82":{"start":{"line":222,"column":10},"end":{"line":222,"column":63}},"83":{"start":{"line":232,"column":30},"end":{"line":238,"column":8}},"84":{"start":{"line":233,"column":4},"end":{"line":233,"column":32}},"85":{"start":{"line":234,"column":4},"end":{"line":237,"column":5}},"86":{"start":{"line":235,"column":6},"end":{"line":235,"column":73}},"87":{"start":{"line":236,"column":6},"end":{"line":236,"column":39}},"88":{"start":{"line":241,"column":28},"end":{"line":244,"column":26}},"89":{"start":{"line":242,"column":4},"end":{"line":242,"column":13}},"90":{"start":{"line":243,"column":4},"end":{"line":243,"column":35}},"91":{"start":{"line":246,"column":28},"end":{"line":249,"column":3}},"92":{"start":{"line":247,"column":10},"end":{"line":247,"column":94}},"93":{"start":{"line":251,"column":2},"end":{"line":333,"column":4}},"94":{"start":{"line":336,"column":0},"end":{"line":336,"column":32}}},"fnMap":{"0":{"name":"(anonymous_0)","decl":{"start":{"line":24,"column":28},"end":{"line":24,"column":29}},"loc":{"start":{"line":24,"column":34},"end":{"line":334,"column":1}},"line":24},"1":{"name":"(anonymous_1)","decl":{"start":{"line":44,"column":12},"end":{"line":44,"column":13}},"loc":{"start":{"line":44,"column":18},"end":{"line":59,"column":3}},"line":44},"2":{"name":"(anonymous_2)","decl":{"start":{"line":48,"column":6},"end":{"line":48,"column":7}},"loc":{"start":{"line":48,"column":19},"end":{"line":53,"column":7}},"line":48},"3":{"name":"(anonymous_3)","decl":{"start":{"line":58,"column":11},"end":{"line":58,"column":12}},"loc":{"start":{"line":58,"column":17},"end":{"line":58,"column":38}},"line":58},"4":{"name":"(anonymous_4)","decl":{"start":{"line":64,"column":12},"end":{"line":64,"column":13}},"loc":{"start":{"line":64,"column":18},"end":{"line":93,"column":3}},"line":64},"5":{"name":"(anonymous_5)","decl":{"start":{"line":68,"column":24},"end":{"line":68,"column":25}},"loc":{"start":{"line":68,"column":36},"end":{"line":75,"column":5}},"line":68},"6":{"name":"(anonymous_6)","decl":{"start":{"line":78,"column":29},"end":{"line":78,"column":30}},"loc":{"start":{"line":78,"column":41},"end":{"line":85,"column":5}},"line":78},"7":{"name":"(anonymous_7)","decl":{"start":{"line":98,"column":12},"end":{"line":98,"column":13}},"loc":{"start":{"line":98,"column":18},"end":{"line":135,"column":3}},"line":98},"8":{"name":"(anonymous_8)","decl":{"start":{"line":108,"column":20},"end":{"line":108,"column":21}},"loc":{"start":{"line":108,"column":32},"end":{"line":132,"column":5}},"line":108},"9":{"name":"(anonymous_9)","decl":{"start":{"line":140,"column":12},"end":{"line":140,"column":13}},"loc":{"start":{"line":140,"column":18},"end":{"line":202,"column":3}},"line":140},"10":{"name":"(anonymous_10)","decl":{"start":{"line":143,"column":31},"end":{"line":143,"column":32}},"loc":{"start":{"line":143,"column":38},"end":{"line":143,"column":52}},"line":143},"11":{"name":"(anonymous_11)","decl":{"start":{"line":165,"column":21},"end":{"line":165,"column":22}},"loc":{"start":{"line":165,"column":41},"end":{"line":199,"column":5}},"line":165},"12":{"name":"(anonymous_12)","decl":{"start":{"line":190,"column":34},"end":{"line":190,"column":35}},"loc":{"start":{"line":190,"column":40},"end":{"line":196,"column":7}},"line":190},"13":{"name":"(anonymous_13)","decl":{"start":{"line":207,"column":12},"end":{"line":207,"column":13}},"loc":{"start":{"line":207,"column":18},"end":{"line":226,"column":3}},"line":207},"14":{"name":"(anonymous_14)","decl":{"start":{"line":220,"column":6},"end":{"line":220,"column":7}},"loc":{"start":{"line":220,"column":68},"end":{"line":224,"column":7}},"line":220},"15":{"name":"(anonymous_15)","decl":{"start":{"line":232,"column":42},"end":{"line":232,"column":43}},"loc":{"start":{"line":232,"column":64},"end":{"line":238,"column":3}},"line":232},"16":{"name":"(anonymous_16)","decl":{"start":{"line":241,"column":40},"end":{"line":241,"column":41}},"loc":{"start":{"line":241,"column":46},"end":{"line":244,"column":3}},"line":241},"17":{"name":"(anonymous_17)","decl":{"start":{"line":247,"column":4},"end":{"line":247,"column":5}},"loc":{"start":{"line":247,"column":10},"end":{"line":247,"column":94}},"line":247}},"branchMap":{"0":{"loc":{"start":{"line":45,"column":4},"end":{"line":45,"column":36}},"type":"if","locations":[{"start":{"line":45,"column":4},"end":{"line":45,"column":36}},{"start":{},"end":{}}],"line":45},"1":{"loc":{"start":{"line":49,"column":8},"end":{"line":52,"column":9}},"type":"if","locations":[{"start":{"line":49,"column":8},"end":{"line":52,"column":9}},{"start":{},"end":{}}],"line":49},"2":{"loc":{"start":{"line":65,"column":4},"end":{"line":65,"column":30}},"type":"if","locations":[{"start":{"line":65,"column":4},"end":{"line":65,"column":30}},{"start":{},"end":{}}],"line":65},"3":{"loc":{"start":{"line":92,"column":23},"end":{"line":92,"column":39}},"type":"binary-expr","locations":[{"start":{"line":92,"column":23},"end":{"line":92,"column":31}},{"start":{"line":92,"column":35},"end":{"line":92,"column":39}}],"line":92},"4":{"loc":{"start":{"line":99,"column":4},"end":{"line":99,"column":86}},"type":"if","locations":[{"start":{"line":99,"column":4},"end":{"line":99,"column":86}},{"start":{},"end":{}}],"line":99},"5":{"loc":{"start":{"line":99,"column":8},"end":{"line":99,"column":77}},"type":"binary-expr","locations":[{"start":{"line":99,"column":8},"end":{"line":99,"column":23}},{"start":{"line":99,"column":27},"end":{"line":99,"column":43}},{"start":{"line":99,"column":47},"end":{"line":99,"column":60}},{"start":{"line":99,"column":64},"end":{"line":99,"column":77}}],"line":99},"6":{"loc":{"start":{"line":111,"column":8},"end":{"line":128,"column":9}},"type":"if","locations":[{"start":{"line":111,"column":8},"end":{"line":128,"column":9}},{"start":{},"end":{}}],"line":111},"7":{"loc":{"start":{"line":111,"column":12},"end":{"line":111,"column":51}},"type":"binary-expr","locations":[{"start":{"line":111,"column":12},"end":{"line":111,"column":33}},{"start":{"line":111,"column":37},"end":{"line":111,"column":51}}],"line":111},"8":{"loc":{"start":{"line":141,"column":4},"end":{"line":141,"column":55}},"type":"if","locations":[{"start":{"line":141,"column":4},"end":{"line":141,"column":55}},{"start":{},"end":{}}],"line":141},"9":{"loc":{"start":{"line":141,"column":8},"end":{"line":141,"column":46}},"type":"binary-expr","locations":[{"start":{"line":141,"column":8},"end":{"line":141,"column":29}},{"start":{"line":141,"column":33},"end":{"line":141,"column":46}}],"line":141},"10":{"loc":{"start":{"line":147,"column":4},"end":{"line":147,"column":24}},"type":"if","locations":[{"start":{"line":147,"column":4},"end":{"line":147,"column":24}},{"start":{},"end":{}}],"line":147},"11":{"loc":{"start":{"line":173,"column":21},"end":{"line":173,"column":56}},"type":"cond-expr","locations":[{"start":{"line":173,"column":35},"end":{"line":173,"column":44}},{"start":{"line":173,"column":47},"end":{"line":173,"column":56}}],"line":173},"12":{"loc":{"start":{"line":191,"column":8},"end":{"line":195,"column":9}},"type":"if","locations":[{"start":{"line":191,"column":8},"end":{"line":195,"column":9}},{"start":{},"end":{}}],"line":191},"13":{"loc":{"start":{"line":208,"column":4},"end":{"line":208,"column":95}},"type":"if","locations":[{"start":{"line":208,"column":4},"end":{"line":208,"column":95}},{"start":{},"end":{}}],"line":208},"14":{"loc":{"start":{"line":208,"column":8},"end":{"line":208,"column":86}},"type":"binary-expr","locations":[{"start":{"line":208,"column":8},"end":{"line":208,"column":24}},{"start":{"line":208,"column":28},"end":{"line":208,"column":49}},{"start":{"line":208,"column":53},"end":{"line":208,"column":69}},{"start":{"line":208,"column":73},"end":{"line":208,"column":86}}],"line":208},"15":{"loc":{"start":{"line":211,"column":4},"end":{"line":211,"column":24}},"type":"if","locations":[{"start":{"line":211,"column":4},"end":{"line":211,"column":24}},{"start":{},"end":{}}],"line":211},"16":{"loc":{"start":{"line":221,"column":8},"end":{"line":223,"column":9}},"type":"if","locations":[{"start":{"line":221,"column":8},"end":{"line":223,"column":9}},{"start":{},"end":{}}],"line":221},"17":{"loc":{"start":{"line":221,"column":12},"end":{"line":221,"column":37}},"type":"binary-expr","locations":[{"start":{"line":221,"column":12},"end":{"line":221,"column":27}},{"start":{"line":221,"column":31},"end":{"line":221,"column":37}}],"line":221},"18":{"loc":{"start":{"line":234,"column":4},"end":{"line":237,"column":5}},"type":"if","locations":[{"start":{"line":234,"column":4},"end":{"line":237,"column":5}},{"start":{},"end":{}}],"line":234},"19":{"loc":{"start":{"line":247,"column":47},"end":{"line":247,"column":79}},"type":"cond-expr","locations":[{"start":{"line":247,"column":71},"end":{"line":247,"column":74}},{"start":{"line":247,"column":77},"end":{"line":247,"column":79}}],"line":247},"20":{"loc":{"start":{"line":263,"column":9},"end":{"line":285,"column":9}},"type":"binary-expr","locations":[{"start":{"line":263,"column":9},"end":{"line":263,"column":25}},{"start":{"line":264,"column":10},"end":{"line":284,"column":16}}],"line":263},"21":{"loc":{"start":{"line":279,"column":13},"end":{"line":283,"column":13}},"type":"binary-expr","locations":[{"start":{"line":279,"column":13},"end":{"line":279,"column":29}},{"start":{"line":280,"column":14},"end":{"line":282,"column":20}}],"line":279},"22":{"loc":{"start":{"line":287,"column":9},"end":{"line":292,"column":9}},"type":"binary-expr","locations":[{"start":{"line":287,"column":9},"end":{"line":287,"column":29}},{"start":{"line":288,"column":10},"end":{"line":291,"column":16}}],"line":287},"23":{"loc":{"start":{"line":294,"column":9},"end":{"line":330,"column":9}},"type":"binary-expr","locations":[{"start":{"line":294,"column":9},"end":{"line":294,"column":26}},{"start":{"line":295,"column":10},"end":{"line":329,"column":16}}],"line":294},"24":{"loc":{"start":{"line":298,"column":15},"end":{"line":307,"column":15}},"type":"binary-expr","locations":[{"start":{"line":298,"column":15},"end":{"line":298,"column":34}},{"start":{"line":299,"column":16},"end":{"line":306,"column":19}}],"line":298},"25":{"loc":{"start":{"line":303,"column":32},"end":{"line":303,"column":59}},"type":"binary-expr","locations":[{"start":{"line":303,"column":32},"end":{"line":303,"column":51}},{"start":{"line":303,"column":55},"end":{"line":303,"column":59}}],"line":303},"26":{"loc":{"start":{"line":308,"column":15},"end":{"line":308,"column":72}},"type":"binary-expr","locations":[{"start":{"line":308,"column":15},"end":{"line":308,"column":30}},{"start":{"line":308,"column":34},"end":{"line":308,"column":72}}],"line":308},"27":{"loc":{"start":{"line":316,"column":17},"end":{"line":326,"column":17}},"type":"cond-expr","locations":[{"start":{"line":317,"column":18},"end":{"line":323,"column":20}},{"start":{"line":325,"column":18},"end":{"line":325,"column":64}}],"line":316}},"s":{"0":1,"1":5,"2":5,"3":5,"4":5,"5":5,"6":5,"7":5,"8":5,"9":5,"10":5,"11":5,"12":5,"13":5,"14":3,"15":0,"16":3,"17":0,"18":0,"19":0,"20":3,"21":3,"22":3,"23":5,"24":3,"25":2,"26":1,"27":1,"28":1,"29":0,"30":1,"31":1,"32":1,"33":0,"34":1,"35":1,"36":1,"37":1,"38":1,"39":1,"40":5,"41":3,"42":3,"43":0,"44":0,"45":0,"46":0,"47":0,"48":0,"49":0,"50":0,"51":0,"52":5,"53":5,"54":5,"55":0,"56":0,"57":0,"58":0,"59":0,"60":0,"61":0,"62":0,"63":0,"64":0,"65":0,"66":0,"67":0,"68":0,"69":0,"70":0,"71":0,"72":0,"73":5,"74":4,"75":4,"76":0,"77":0,"78":0,"79":0,"80":0,"81":0,"82":0,"83":5,"84":0,"85":0,"86":0,"87":0,"88":5,"89":0,"90":0,"91":5,"92":4,"93":5,"94":1},"f":{"0":5,"1":3,"2":0,"3":3,"4":3,"5":1,"6":1,"7":3,"8":0,"9":5,"10":0,"11":0,"12":0,"13":4,"14":0,"15":0,"16":0,"17":4},"b":{"0":[0,3],"1":[0,0],"2":[2,1],"3":[1,0],"4":[3,0],"5":[3,1,1,1],"6":[0,0],"7":[0,0],"8":[5,0],"9":[5,0],"10":[0,0],"11":[0,0],"12":[0,0],"13":[4,0],"14":[4,1,0,0],"15":[0,0],"16":[0,0],"17":[0,0],"18":[0,0],"19":[4,0],"20":[5,1],"21":[1,0],"22":[5,1],"23":[5,3],"24":[3,2],"25":[2,0],"26":[3,2],"27":[3,0]},"_coverageSchema":"1a1c01bbd47fc00a2c39e90264f33305004495a9","hash":"4f35e5b4e23aa962abf3b875441d09009f7f82ae"}
,"C:\\Users\\mragh\\hackathons\\promt wars\\Attemp_2\\PROMTWARS\\src\\features\\map\\types.ts": {"path":"C:\\Users\\mragh\\hackathons\\promt wars\\Attemp_2\\PROMTWARS\\src\\features\\map\\types.ts","statementMap":{},"fnMap":{},"branchMap":{},"s":{},"f":{},"b":{}}
,"C:\\Users\\mragh\\hackathons\\promt wars\\Attemp_2\\PROMTWARS\\src\\features\\map\\components\\MapPlaceholder.tsx": {"path":"C:\\Users\\mragh\\hackathons\\promt wars\\Attemp_2\\PROMTWARS\\src\\features\\map\\components\\MapPlaceholder.tsx","statementMap":{"0":{"start":{"line":4,"column":30},"end":{"line":20,"column":1}},"1":{"start":{"line":5,"column":2},"end":{"line":19,"column":4}}},"fnMap":{"0":{"name":"(anonymous_0)","decl":{"start":{"line":4,"column":30},"end":{"line":4,"column":31}},"loc":{"start":{"line":4,"column":73},"end":{"line":20,"column":1}},"line":4}},"branchMap":{"0":{"loc":{"start":{"line":13,"column":7},"end":{"line":17,"column":7}},"type":"binary-expr","locations":[{"start":{"line":13,"column":7},"end":{"line":13,"column":19}},{"start":{"line":14,"column":8},"end":{"line":16,"column":12}}],"line":13}},"s":{"0":1,"1":0},"f":{"0":0},"b":{"0":[0,0]},"_coverageSchema":"1a1c01bbd47fc00a2c39e90264f33305004495a9","hash":"13cbdfde04a200725460ac4b556c9effe243f399"}
,"C:\\Users\\mragh\\hackathons\\promt wars\\Attemp_2\\PROMTWARS\\src\\features\\map\\components\\StationItem.tsx": {"path":"C:\\Users\\mragh\\hackathons\\promt wars\\Attemp_2\\PROMTWARS\\src\\features\\map\\components\\StationItem.tsx","statementMap":{"0":{"start":{"line":6,"column":29},"end":{"line":29,"column":1}},"1":{"start":{"line":7,"column":2},"end":{"line":28,"column":4}},"2":{"start":{"line":10,"column":21},"end":{"line":10,"column":38}},"3":{"start":{"line":31,"column":27},"end":{"line":31,"column":53}}},"fnMap":{"0":{"name":"(anonymous_0)","decl":{"start":{"line":6,"column":29},"end":{"line":6,"column":30}},"loc":{"start":{"line":6,"column":86},"end":{"line":29,"column":1}},"line":6},"1":{"name":"(anonymous_1)","decl":{"start":{"line":10,"column":15},"end":{"line":10,"column":16}},"loc":{"start":{"line":10,"column":21},"end":{"line":10,"column":38}},"line":10}},"branchMap":{"0":{"loc":{"start":{"line":9,"column":32},"end":{"line":9,"column":61}},"type":"cond-expr","locations":[{"start":{"line":9,"column":45},"end":{"line":9,"column":56}},{"start":{"line":9,"column":59},"end":{"line":9,"column":61}}],"line":9},"1":{"loc":{"start":{"line":12,"column":20},"end":{"line":12,"column":55}},"type":"cond-expr","locations":[{"start":{"line":12,"column":33},"end":{"line":12,"column":43}},{"start":{"line":12,"column":46},"end":{"line":12,"column":55}}],"line":12}},"s":{"0":1,"1":2,"2":0,"3":1},"f":{"0":2,"1":0},"b":{"0":[1,1],"1":[1,1]},"_coverageSchema":"1a1c01bbd47fc00a2c39e90264f33305004495a9","hash":"b7c5dcd0ecda8602be59d0c9d4948ae2e89e76d1"}
,"C:\\Users\\mragh\\hackathons\\promt wars\\Attemp_2\\PROMTWARS\\src\\features\\map\\components\\StationList.tsx": {"path":"C:\\Users\\mragh\\hackathons\\promt wars\\Attemp_2\\PROMTWARS\\src\\features\\map\\components\\StationList.tsx","statementMap":{"0":{"start":{"line":6,"column":29},"end":{"line":20,"column":1}},"1":{"start":{"line":7,"column":2},"end":{"line":19,"column":4}},"2":{"start":{"line":11,"column":8},"end":{"line":16,"column":10}},"3":{"start":{"line":22,"column":27},"end":{"line":22,"column":53}}},"fnMap":{"0":{"name":"(anonymous_0)","decl":{"start":{"line":6,"column":29},"end":{"line":6,"column":30}},"loc":{"start":{"line":6,"column":87},"end":{"line":20,"column":1}},"line":6},"1":{"name":"(anonymous_1)","decl":{"start":{"line":10,"column":20},"end":{"line":10,"column":21}},"loc":{"start":{"line":11,"column":8},"end":{"line":16,"column":10}},"line":11}},"branchMap":{},"s":{"0":1,"1":1,"2":2,"3":1},"f":{"0":1,"1":2},"b":{},"_coverageSchema":"1a1c01bbd47fc00a2c39e90264f33305004495a9","hash":"9c36ce78cedbc9cda8f60ed559abbd023103d7da"}
,"C:\\Users\\mragh\\hackathons\\promt wars\\Attemp_2\\PROMTWARS\\src\\features\\map\\components\\TripCard.tsx": {"path":"C:\\Users\\mragh\\hackathons\\promt wars\\Attemp_2\\PROMTWARS\\src\\features\\map\\components\\TripCard.tsx","statementMap":{"0":{"start":{"line":5,"column":24},"end":{"line":38,"column":1}},"1":{"start":{"line":6,"column":2},"end":{"line":37,"column":4}}},"fnMap":{"0":{"name":"(anonymous_0)","decl":{"start":{"line":5,"column":24},"end":{"line":5,"column":25}},"loc":{"start":{"line":5,"column":56},"end":{"line":38,"column":1}},"line":5}},"branchMap":{},"s":{"0":1,"1":2},"f":{"0":2},"b":{},"_coverageSchema":"1a1c01bbd47fc00a2c39e90264f33305004495a9","hash":"4e075b05b8d877ecedf958c1dee8c4a0a42354a0"}
,"C:\\Users\\mragh\\hackathons\\promt wars\\Attemp_2\\PROMTWARS\\src\\features\\map\\components\\WeatherCard.tsx": {"path":"C:\\Users\\mragh\\hackathons\\promt wars\\Attemp_2\\PROMTWARS\\src\\features\\map\\components\\WeatherCard.tsx","statementMap":{"0":{"start":{"line":5,"column":23},"end":{"line":9,"column":1}},"1":{"start":{"line":7,"column":14},"end":{"line":7,"column":81}},"2":{"start":{"line":8,"column":2},"end":{"line":8,"column":63}},"3":{"start":{"line":12,"column":29},"end":{"line":41,"column":1}},"4":{"start":{"line":13,"column":2},"end":{"line":15,"column":3}},"5":{"start":{"line":14,"column":4},"end":{"line":14,"column":98}},"6":{"start":{"line":17,"column":26},"end":{"line":17,"column":61}},"7":{"start":{"line":19,"column":2},"end":{"line":40,"column":4}},"8":{"start":{"line":43,"column":27},"end":{"line":43,"column":53}}},"fnMap":{"0":{"name":"(anonymous_0)","decl":{"start":{"line":5,"column":23},"end":{"line":5,"column":24}},"loc":{"start":{"line":5,"column":48},"end":{"line":9,"column":1}},"line":5},"1":{"name":"(anonymous_1)","decl":{"start":{"line":12,"column":29},"end":{"line":12,"column":30}},"loc":{"start":{"line":12,"column":78},"end":{"line":41,"column":1}},"line":12}},"branchMap":{"0":{"loc":{"start":{"line":8,"column":9},"end":{"line":8,"column":62}},"type":"binary-expr","locations":[{"start":{"line":8,"column":9},"end":{"line":8,"column":25}},{"start":{"line":8,"column":29},"end":{"line":8,"column":62}}],"line":8},"1":{"loc":{"start":{"line":13,"column":2},"end":{"line":15,"column":3}},"type":"if","locations":[{"start":{"line":13,"column":2},"end":{"line":15,"column":3}},{"start":{},"end":{}}],"line":13},"2":{"loc":{"start":{"line":28,"column":39},"end":{"line":28,"column":70}},"type":"binary-expr","locations":[{"start":{"line":28,"column":39},"end":{"line":28,"column":51}},{"start":{"line":28,"column":55},"end":{"line":28,"column":70}}],"line":28}},"s":{"0":1,"1":0,"2":0,"3":1,"4":2,"5":2,"6":0,"7":0,"8":1},"f":{"0":0,"1":2},"b":{"0":[0,0],"1":[2,0],"2":[0,0]},"_coverageSchema":"1a1c01bbd47fc00a2c39e90264f33305004495a9","hash":"1dc5f742074153e5c07aceaca3f34ff30613bf90"}
[...]
rt":{"line":39,"column":21},"end":{"line":42,"column":31}},"7":{"start":{"line":39,"column":47},"end":{"line":42,"column":7}},"8":{"start":{"line":43,"column":6},"end":{"line":43,"column":23}},"9":{"start":{"line":45,"column":6},"end":{"line":45,"column":62}},"10":{"start":{"line":46,"column":6},"end":{"line":46,"column":19}},"11":{"start":{"line":54,"column":4},"end":{"line":54,"column":81}},"12":{"start":{"line":54,"column":38},"end":{"line":54,"column":81}},"13":{"start":{"line":56,"column":4},"end":{"line":61,"column":7}}},"fnMap":{"0":{"name":"(anonymous_0)","decl":{"start":{"line":26,"column":26},"end":{"line":26,"column":27}},"loc":{"start":{"line":26,"column":78},"end":{"line":48,"column":3}},"line":26},"1":{"name":"(anonymous_1)","decl":{"start":{"line":29,"column":13},"end":{"line":29,"column":14}},"loc":{"start":{"line":29,"column":19},"end":{"line":29,"column":21}},"line":29},"2":{"name":"(anonymous_2)","decl":{"start":{"line":38,"column":25},"end":{"line":38,"column":26}},"loc":{"start":{"line":38,"column":68},"end":{"line":44,"column":5}},"line":38},"3":{"name":"(anonymous_3)","decl":{"start":{"line":39,"column":39},"end":{"line":39,"column":40}},"loc":{"start":{"line":39,"column":47},"end":{"line":42,"column":7}},"line":39},"4":{"name":"(anonymous_4)","decl":{"start":{"line":44,"column":7},"end":{"line":44,"column":8}},"loc":{"start":{"line":44,"column":18},"end":{"line":47,"column":5}},"line":44},"5":{"name":"(anonymous_5)","decl":{"start":{"line":53,"column":13},"end":{"line":53,"column":14}},"loc":{"start":{"line":53,"column":67},"end":{"line":62,"column":3}},"line":53}},"branchMap":{"0":{"loc":{"start":{"line":27,"column":4},"end":{"line":30,"column":5}},"type":"if","locations":[{"start":{"line":27,"column":4},"end":{"line":30,"column":5}},{"start":{},"end":{}}],"line":27},"1":{"loc":{"start":{"line":27,"column":8},"end":{"line":27,"column":36}},"type":"binary-expr","locations":[{"start":{"line":27,"column":8},"end":{"line":27,"column":29}},{"start":{"line":27,"column":33},"end":{"line":27,"column":36}}],"line":27},"2":{"loc":{"start":{"line":54,"column":4},"end":{"line":54,"column":81}},"type":"if","locations":[{"start":{"line":54,"column":4},"end":{"line":54,"column":81}},{"start":{},"end":{}}],"line":54},"3":{"loc":{"start":{"line":54,"column":8},"end":{"line":54,"column":36}},"type":"binary-expr","locations":[{"start":{"line":54,"column":8},"end":{"line":54,"column":29}},{"start":{"line":54,"column":33},"end":{"line":54,"column":36}}],"line":54},"4":{"loc":{"start":{"line":57,"column":12},"end":{"line":57,"column":38}},"type":"binary-expr","locations":[{"start":{"line":57,"column":12},"end":{"line":57,"column":23}},{"start":{"line":57,"column":27},"end":{"line":57,"column":38}}],"line":57}},"s":{"0":1,"1":0,"2":0,"3":0,"4":0,"5":0,"6":0,"7":0,"8":0,"9":0,"10":0,"11":0,"12":0,"13":0},"f":{"0":0,"1":0,"2":0,"3":0,"4":0,"5":0},"b":{"0":[0,0],"1":[0,0],"2":[0,0],"3":[0,0],"4":[0,0]},"_coverageSchema":"1a1c01bbd47fc00a2c39e90264f33305004495a9","hash":"0be99eeebc0c9123e8be44ada425ad1b887a9e8a"}
,"C:\\Users\\mragh\\hackathons\\promt wars\\Attemp_2\\PROMTWARS\\src\\services\\pollingStationsService.ts": {"path":"C:\\Users\\mragh\\hackathons\\promt wars\\Attemp_2\\PROMTWARS\\src\\services\\pollingStationsService.ts","statementMap":{"0":{"start":{"line":28,"column":23},"end":{"line":28,"column":35}},"1":{"start":{"line":30,"column":2},"end":{"line":45,"column":49}},"2":{"start":{"line":31,"column":23},"end":{"line":31,"column":44}},"3":{"start":{"line":32,"column":23},"end":{"line":32,"column":44}},"4":{"start":{"line":33,"column":23},"end":{"line":33,"column":68}},"5":{"start":{"line":35,"column":4},"end":{"line":44,"column":6}},"6":{"start":{"line":45,"column":20},"end":{"line":45,"column":47}}},"fnMap":{"0":{"name":"buildPollingStations","decl":{"start":{"line":27,"column":16},"end":{"line":27,"column":36}},"loc":{"start":{"line":27,"column":83},"end":{"line":46,"column":1}},"line":27},"1":{"name":"(anonymous_1)","decl":{"start":{"line":30,"column":26},"end":{"line":30,"column":27}},"loc":{"start":{"line":30,"column":38},"end":{"line":45,"column":3}},"line":30},"2":{"name":"(anonymous_2)","decl":{"start":{"line":45,"column":10},"end":{"line":45,"column":11}},"loc":{"start":{"line":45,"column":20},"end":{"line":45,"column":47}},"line":45}},"branchMap":{},"s":{"0":1,"1":1,"2":2,"3":2,"4":2,"5":2,"6":1},"f":{"0":1,"1":2,"2":1},"b":{},"_coverageSchema":"1a1c01bbd47fc00a2c39e90264f33305004495a9","hash":"cc5a1117fcece449c881d274c4c2af80d0bc0563"}
,"C:\\Users\\mragh\\hackathons\\promt wars\\Attemp_2\\PROMTWARS\\src\\services\\weatherService.ts": {"path":"C:\\Users\\mragh\\hackathons\\promt wars\\Attemp_2\\PROMTWARS\\src\\services\\weatherService.ts","statementMap":{"0":{"start":{"line":13,"column":18},"end":{"line":13,"column":41}},"1":{"start":{"line":14,"column":18},"end":{"line":14,"column":32}},"2":{"start":{"line":26,"column":19},"end":{"line":26,"column":80}},"3":{"start":{"line":29,"column":2},"end":{"line":39,"column":3}},"4":{"start":{"line":30,"column":19},"end":{"line":30,"column":51}},"5":{"start":{"line":31,"column":4},"end":{"line":36,"column":5}},"6":{"start":{"line":32,"column":49},"end":{"line":32,"column":67}},"7":{"start":{"line":33,"column":6},"end":{"line":35,"column":7}},"8":{"start":{"line":34,"column":8},"end":{"line":34,"column":20}},"9":{"start":{"line":41,"column":14},"end":{"line":46,"column":4}},"10":{"start":{"line":48,"column":2},"end":{"line":66,"column":3}},"11":{"start":{"line":49,"column":17},"end":{"line":49,"column":46}},"12":{"start":{"line":50,"column":24},"end":{"line":50,"column":62}},"13":{"start":{"line":53,"column":4},"end":{"line":60,"column":5}},"14":{"start":{"line":54,"column":6},"end":{"line":57,"column":10}},"15":{"start":{"line":62,"column":4},"end":{"line":62,"column":23}},"16":{"start":{"line":64,"column":4},"end":{"line":64,"column":47}},"17":{"start":{"line":65,"column":4},"end":{"line":65,"column":14}}},"fnMap":{"0":{"name":"fetchWeather","decl":{"start":{"line":25,"column":22},"end":{"line":25,"column":34}},"loc":{"start":{"line":25,"column":97},"end":{"line":67,"column":1}},"line":25}},"branchMap":{"0":{"loc":{"start":{"line":31,"column":4},"end":{"line":36,"column":5}},"type":"if","locations":[{"start":{"line":31,"column":4},"end":{"line":36,"column":5}},{"start":{},"end":{}}],"line":31},"1":{"loc":{"start":{"line":33,"column":6},"end":{"line":35,"column":7}},"type":"if","locations":[{"start":{"line":33,"column":6},"end":{"line":35,"column":7}},{"start":{},"end":{}}],"line":33}},"s":{"0":1,"1":1,"2":1,"3":1,"4":1,"5":1,"6":0,"7":0,"8":0,"9":1,"10":0,"11":0,"12":0,"13":0,"14":0,"15":0,"16":0,"17":0},"f":{"0":1},"b":{"0":[0,1],"1":[0,0]},"_coverageSchema":"1a1c01bbd47fc00a2c39e90264f33305004495a9","hash":"22f5ebefeae544b264c7f6d1b0f8e0d1490f3eae"}
,"C:\\Users\\mragh\\hackathons\\promt wars\\Attemp_2\\PROMTWARS\\src\\store\\useAppStore.ts": {"path":"C:\\Users\\mragh\\hackathons\\promt wars\\Attemp_2\\PROMTWARS\\src\\store\\useAppStore.ts","statementMap":{"0":{"start":{"line":15,"column":27},"end":{"line":21,"column":3}},"1":{"start":{"line":15,"column":54},"end":{"line":21,"column":1}},"2":{"start":{"line":17,"column":20},"end":{"line":17,"column":71}},"3":{"start":{"line":17,"column":36},"end":{"line":17,"column":69}},"4":{"start":{"line":18,"column":19},"end":{"line":18,"column":45}},"5":{"start":{"line":20,"column":33},"end":{"line":20,"column":56}}},"fnMap":{"0":{"name":"(anonymous_0)","decl":{"start":{"line":15,"column":44},"end":{"line":15,"column":45}},"loc":{"start":{"line":15,"column":54},"end":{"line":21,"column":1}},"line":15},"1":{"name":"(anonymous_1)","decl":{"start":{"line":17,"column":14},"end":{"line":17,"column":15}},"loc":{"start":{"line":17,"column":20},"end":{"line":17,"column":71}},"line":17},"2":{"name":"(anonymous_2)","decl":{"start":{"line":17,"column":24},"end":{"line":17,"column":25}},"loc":{"start":{"line":17,"column":36},"end":{"line":17,"column":69}},"line":17},"3":{"name":"(anonymous_3)","decl":{"start":{"line":18,"column":13},"end":{"line":18,"column":14}},"loc":{"start":{"line":18,"column":19},"end":{"line":18,"column":45}},"line":18},"4":{"name":"(anonymous_4)","decl":{"start":{"line":20,"column":15},"end":{"line":20,"column":16}},"loc":{"start":{"line":20,"column":33},"end":{"line":20,"column":56}},"line":20}},"branchMap":{},"s":{"0":0,"1":0,"2":0,"3":0,"4":0,"5":0},"f":{"0":0,"1":0,"2":0,"3":0,"4":0},"b":{}}
,"C:\\Users\\mragh\\hackathons\\promt wars\\Attemp_2\\PROMTWARS\\src\\types\\global.d.ts": {"path":"C:\\Users\\mragh\\hackathons\\promt wars\\Attemp_2\\PROMTWARS\\src\\types\\global.d.ts","statementMap":{},"fnMap":{},"branchMap":{},"s":{},"f":{},"b":{}}
,"C:\\Users\\mragh\\hackathons\\promt wars\\Attemp_2\\PROMTWARS\\src\\types\\index.ts": {"path":"C:\\Users\\mragh\\hackathons\\promt wars\\Attemp_2\\PROMTWARS\\src\\types\\index.ts","statementMap":{},"fnMap":{},"branchMap":{},"s":{},"f":{},"b":{}}
,"C:\\Users\\mragh\\hackathons\\promt wars\\Attemp_2\\PROMTWARS\\src\\utils\\geo.ts": {"path":"C:\\Users\\mragh\\hackathons\\promt wars\\Attemp_2\\PROMTWARS\\src\\utils\\geo.ts","statementMap":{"0":{"start":{"line":9,"column":27},"end":{"line":20,"column":1}},"1":{"start":{"line":10,"column":26},"end":{"line":10,"column":30}},"2":{"start":{"line":11,"column":16},"end":{"line":11,"column":62}},"3":{"start":{"line":11,"column":41},"end":{"line":11,"column":62}},"4":{"start":{"line":12,"column":19},"end":{"line":12,"column":37}},"5":{"start":{"line":13,"column":19},"end":{"line":13,"column":37}},"6":{"start":{"line":14,"column":21},"end":{"line":14,"column":43}},"7":{"start":{"line":15,"column":21},"end":{"line":15,"column":43}},"8":{"start":{"line":17,"column":4},"end":{"line":18,"column":75}},"9":{"start":{"line":19,"column":2},"end":{"line":19,"column":74}},"10":{"start":{"line":28,"column":36},"end":{"line":31,"column":1}},"11":{"start":{"line":29,"column":30},"end":{"line":29,"column":32}},"12":{"start":{"line":30,"column":2},"end":{"line":30,"column":74}},"13":{"start":{"line":39,"column":35},"end":{"line":42,"column":1}},"14":{"start":{"line":40,"column":29},"end":{"line":40,"column":30}},"15":{"start":{"line":41,"column":2},"end":{"line":41,"column":73}},"16":{"start":{"line":49,"column":30},"end":{"line":51,"column":1}},"17":{"start":{"line":50,"column":2},"end":{"line":50,"column":31}},"18":{"start":{"line":60,"column":21},"end":{"line":62,"column":1}},"19":{"start":{"line":61,"column":2},"end":{"line":61,"column":45}}},"fnMap":{"0":{"name":"(anonymous_0)","decl":{"start":{"line":9,"column":27},"end":{"line":9,"column":28}},"loc":{"start":{"line":9,"column":95},"end":{"line":20,"column":1}},"line":9},"1":{"name":"(anonymous_1)","decl":{"start":{"line":11,"column":16},"end":{"line":11,"column":17}},"loc":{"start":{"line":11,"column":41},"end":{"line":11,"column":62}},"line":11},"2":{"name":"(anonymous_2)","decl":{"start":{"line":28,"column":36},"end":{"line":28,"column":37}},"loc":{"start":{"line":28,"column":68},"end":{"line":31,"column":1}},"line":28},"3":{"name":"(anonymous_3)","decl":{"start":{"line":39,"column":35},"end":{"line":39,"column":36}},"loc":{"start":{"line":39,"column":67},"end":{"line":42,"column":1}},"line":39},"4":{"name":"(anonymous_4)","decl":{"start":{"line":49,"column":30},"end":{"line":49,"column":31}},"loc":{"start":{"line":49,"column":54},"end":{"line":51,"column":1}},"line":49},"5":{"name":"(anonymous_5)","decl":{"start":{"line":60,"column":21},"end":{"line":60,"column":22}},"loc":{"start":{"line":60,"column":74},"end":{"line":62,"column":1}},"line":60}},"branchMap":{},"s":{"0":2,"1":6,"2":6,"3":24,"4":6,"5":6,"6":6,"7":6,"8":6,"9":6,"10":2,"11":7,"12":7,"13":2,"14":4,"15":4,"16":2,"17":9,"18":2,"19":5},"f":{"0":6,"1":24,"2":7,"3":4,"4":9,"5":5},"b":{},"_coverageSchema":"1a1c01bbd47fc00a2c39e90264f33305004495a9","hash":"ef7936ff8e22130fa71c3a42862e59107add3436"}
,"C:\\Users\\mragh\\hackathons\\promt wars\\Attemp_2\\PROMTWARS\\src\\utils\\image.ts": {"path":"C:\\Users\\mragh\\hackathons\\promt wars\\Attemp_2\\PROMTWARS\\src\\utils\\image.ts","statementMap":{"0":{"start":{"line":5,"column":29},"end":{"line":39,"column":1}},"1":{"start":{"line":6,"column":2},"end":{"line":38,"column":5}},"2":{"start":{"line":7,"column":19},"end":{"line":7,"column":35}},"3":{"start":{"line":8,"column":4},"end":{"line":8,"column":31}},"4":{"start":{"line":9,"column":4},"end":{"line":36,"column":6}},"5":{"start":{"line":10,"column":18},"end":{"line":10,"column":29}},"6":{"start":{"line":11,"column":6},"end":{"line":11,"column":47}},"7":{"start":{"line":12,"column":6},"end":{"line":35,"column":8}},"8":{"start":{"line":13,"column":23},"end":{"line":13,"column":55}},"9":{"start":{"line":14,"column":28},"end":{"line":14,"column":48}},"10":{"start":{"line":16,"column":8},"end":{"line":22,"column":9}},"11":{"start":{"line":17,"column":10},"end":{"line":17,"column":34}},"12":{"start":{"line":18,"column":10},"end":{"line":18,"column":51}},"13":{"start":{"line":20,"column":10},"end":{"line":20,"column":35}},"14":{"start":{"line":21,"column":10},"end":{"line":21,"column":37}},"15":{"start":{"line":24,"column":20},"end":{"line":24,"column":43}},"16":{"start":{"line":25,"column":8},"end":{"line":25,"column":63}},"17":{"start":{"line":27,"column":8},"end":{"line":34,"column":10}},"18":{"start":{"line":29,"column":12},"end":{"line":30,"column":71}},"19":{"start":{"line":29,"column":22},"end":{"line":29,"column":36}},"20":{"start":{"line":30,"column":17},"end":{"line":30,"column":71}},"21":{"start":{"line":37,"column":4},"end":{"line":37,"column":46}},"22":{"start":{"line":37,"column":32},"end":{"line":37,"column":45}}},"fnMap":{"0":{"name":"(anonymous_0)","decl":{"start":{"line":5,"column":29},"end":{"line":5,"column":30}},"loc":{"start":{"line":5,"column":97},"end":{"line":39,"column":1}},"line":5},"1":{"name":"(anonymous_1)","decl":{"start":{"line":6,"column":21},"end":{"line":6,"column":22}},"loc":{"start":{"line":6,"column":42},"end":{"line":38,"column":3}},"line":6},"2":{"name":"(anonymous_2)","decl":{"start":{"line":9,"column":20},"end":{"line":9,"column":21}},"loc":{"start":{"line":9,"column":31},"end":{"line":36,"column":5}},"line":9},"3":{"name":"(anonymous_3)","decl":{"start":{"line":12,"column":19},"end":{"line":12,"column":20}},"loc":{"start":{"line":12,"column":25},"end":{"line":35,"column":7}},"line":12},"4":{"name":"(anonymous_4)","decl":{"start":{"line":28,"column":10},"end":{"line":28,"column":11}},"loc":{"start":{"line":28,"column":20},"end":{"line":31,"column":11}},"line":28},"5":{"name":"(anonymous_5)","decl":{"start":{"line":37,"column":21},"end":{"line":37,"column":22}},"loc":{"start":{"line":37,"column":32},"end":{"line":37,"column":45}},"line":37}},"branchMap":{"0":{"loc":{"start":{"line":5,"column":48},"end":{"line":5,"column":62}},"type":"default-arg","locations":[{"start":{"line":5,"column":59},"end":{"line":5,"column":62}}],"line":5},"1":{"loc":{"start":{"line":5,"column":64},"end":{"line":5,"column":77}},"type":"default-arg","locations":[{"start":{"line":5,"column":74},"end":{"line":5,"column":77}}],"line":5},"2":{"loc":{"start":{"line":16,"column":8},"end":{"line":22,"column":9}},"type":"if","locations":[{"start":{"line":16,"column":8},"end":{"line":22,"column":9}},{"start":{"line":19,"column":15},"end":{"line":22,"column":9}}],"line":16},"3":{"loc":{"start":{"line":29,"column":12},"end":{"line":30,"column":71}},"type":"if","locations":[{"start":{"line":29,"column":12},"end":{"line":30,"column":71}},{"start":{"line":30,"column":17},"end":{"line":30,"column":71}}],"line":29}},"s":{"0":0,"1":0,"2":0,"3":0,"4":0,"5":0,"6":0,"7":0,"8":0,"9":0,"10":0,"11":0,"12":0,"13":0,"14":0,"15":0,"16":0,"17":0,"18":0,"19":0,"20":0,"21":0,"22":0},"f":{"0":0,"1":0,"2":0,"3":0,"4":0,"5":0},"b":{"0":[0],"1":[0],"2":[0,0],"3":[0,0]}}
,"C:\\Users\\mragh\\hackathons\\promt wars\\Attemp_2\\PROMTWARS\\src\\utils\\sanitize.ts": {"path":"C:\\Users\\mragh\\hackathons\\promt wars\\Attemp_2\\PROMTWARS\\src\\utils\\sanitize.ts","statementMap":{"0":{"start":{"line":9,"column":28},"end":{"line":12,"column":1}},"1":{"start":{"line":10,"column":2},"end":{"line":10,"column":43}},"2":{"start":{"line":10,"column":33},"end":{"line":10,"column":43}},"3":{"start":{"line":11,"column":2},"end":{"line":11,"column":115}},"4":{"start":{"line":19,"column":28},"end":{"line":22,"column":1}},"5":{"start":{"line":20,"column":2},"end":{"line":20,"column":43}},"6":{"start":{"line":20,"column":33},"end":{"line":20,"column":43}},"7":{"start":{"line":21,"column":2},"end":{"line":21,"column":57}},"8":{"start":{"line":29,"column":27},"end":{"line":38,"column":1}},"9":{"start":{"line":30,"column":2},"end":{"line":30,"column":43}},"10":{"start":{"line":30,"column":31},"end":{"line":30,"column":43}},"11":{"start":{"line":31,"column":2},"end":{"line":37,"column":3}},"12":{"start":{"line":32,"column":19},"end":{"line":32,"column":31}},"13":{"start":{"line":33,"column":4},"end":{"line":33,"column":50}},"14":{"start":{"line":33,"column":38},"end":{"line":33,"column":50}},"15":{"start":{"line":34,"column":4},"end":{"line":34,"column":23}},"16":{"start":{"line":36,"column":4},"end":{"line":36,"column":16}},"17":{"start":{"line":46,"column":28},"end":{"line":50,"column":1}},"18":{"start":{"line":47,"column":2},"end":{"line":47,"column":42}},"19":{"start":{"line":47,"column":32},"end":{"line":47,"column":42}},"20":{"start":{"line":49,"column":2},"end":{"line":49,"column":77}}},"fnMap":{"0":{"name":"(anonymous_0)","decl":{"start":{"line":9,"column":28},"end":{"line":9,"column":29}},"loc":{"start":{"line":9,"column":56},"end":{"line":12,"column":1}},"line":9},"1":{"name":"(anonymous_1)","decl":{"start":{"line":19,"column":28},"end":{"line":19,"column":29}},"loc":{"start":{"line":19,"column":56},"end":{"line":22,"column":1}},"line":19},"2":{"name":"(anonymous_2)","decl":{"start":{"line":29,"column":27},"end":{"line":29,"column":28}},"loc":{"start":{"line":29,"column":60},"end":{"line":38,"column":1}},"line":29},"3":{"name":"(anonymous_3)","decl":{"start":{"line":46,"column":28},"end":{"line":46,"column":29}},"loc":{"start":{"line":46,"column":55},"end":{"line":50,"column":1}},"line":46}},"branchMap":{"0":{"loc":{"start":{"line":10,"column":2},"end":{"line":10,"column":43}},"type":"if","locations":[{"start":{"line":10,"column":2},"end":{"line":10,"column":43}},{"start":{},"end":{}}],"line":10},"1":{"loc":{"start":{"line":20,"column":2},"end":{"line":20,"column":43}},"type":"if","locations":[{"start":{"line":20,"column":2},"end":{"line":20,"column":43}},{"start":{},"end":{}}],"line":20},"2":{"loc":{"start":{"line":30,"column":2},"end":{"line":30,"column":43}},"type":"if","locations":[{"start":{"line":30,"column":2},"end":{"line":30,"column":43}},{"start":{},"end":{}}],"line":30},"3":{"loc":{"start":{"line":33,"column":4},"end":{"line":33,"column":50}},"type":"if","locations":[{"start":{"line":33,"column":4},"end":{"line":33,"column":50}},{"start":{},"end":{}}],"line":33},"4":{"loc":{"start":{"line":47,"column":2},"end":{"line":47,"column":42}},"type":"if","locations":[{"start":{"line":47,"column":2},"end":{"line":47,"column":42}},{"start":{},"end":{}}],"line":47}},"s":{"0":3,"1":6,"2":3,"3":3,"4":3,"5":10,"6":2,"7":8,"8":3,"9":7,"10":1,"11":6,"12":6,"13":4,"14":3,"15":1,"16":2,"17":3,"18":7,"19":2,"20":5},"f":{"0":6,"1":10,"2":7,"3":7},"b":{"0":[3,3],"1":[2,8],"2":[1,6],"3":[3,1],"4":[2,5]},"_coverageSchema":"1a1c01bbd47fc00a2c39e90264f33305004495a9","hash":"22cd555c76f19924f11aead0aa1cee087f5d0666"}
,"C:\\Users\\mragh\\hackathons\\promt wars\\Attemp_2\\PROMTWARS\\src\\utils\\validation.ts": {"path":"C:\\Users\\mragh\\hackathons\\promt wars\\Attemp_2\\PROMTWARS\\src\\utils\\validation.ts","statementMap":{"0":{"start":{"line":6,"column":33},"end":{"line":9,"column":2}},"1":{"start":{"line":15,"column":29},"end":{"line":20,"column":2}},"2":{"start":{"line":26,"column":43},"end":{"line":30,"column":2}}},"fnMap":{},"branchMap":{},"s":{"0":0,"1":0,"2":0},"f":{},"b":{}}
}
