TN:
SF:src\App.tsx
FN:16,(anonymous_0)
FN:16,(anonymous_1)
FN:17,(anonymous_2)
FN:17,(anonymous_3)
FN:18,(anonymous_4)
FN:18,(anonymous_5)
FN:19,(anonymous_6)
FN:19,(anonymous_7)
FN:20,(anonymous_8)
FN:20,(anonymous_9)
FN:21,(anonymous_10)
FN:21,(anonymous_11)
FN:22,(anonymous_12)
FN:22,(anonymous_13)
FN:23,(anonymous_14)
FN:23,(anonymous_15)
FN:31,(anonymous_16)
FNF:17
FNH:0
FNDA:0,(anonymous_0)
FNDA:0,(anonymous_1)
FNDA:0,(anonymous_2)
FNDA:0,(anonymous_3)
FNDA:0,(anonymous_4)
FNDA:0,(anonymous_5)
FNDA:0,(anonymous_6)
FNDA:0,(anonymous_7)
FNDA:0,(anonymous_8)
FNDA:0,(anonymous_9)
FNDA:0,(anonymous_10)
FNDA:0,(anonymous_11)
FNDA:0,(anonymous_12)
FNDA:0,(anonymous_13)
FNDA:0,(anonymous_14)
FNDA:0,(anonymous_15)
FNDA:0,(anonymous_16)
DA:16,0
DA:17,0
DA:18,0
DA:19,0
DA:20,0
DA:21,0
DA:22,0
DA:23,0
DA:31,0
DA:32,0
DA:33,0
DA:34,0
DA:36,0
DA:112,0
LF:14
LH:0
BRF:0
BRH:0
end_of_record
TN:
SF:src\firebase.ts
FN:41,(anonymous_0)
FN:44,(anonymous_1)
FNF:2
FNH:0
FNDA:0,(anonymous_0)
FNDA:0,(anonymous_1)
DA:10,0
DA:25,0
DA:28,0
DA:29,0
DA:30,0
DA:31,0
DA:33,0
DA:35,0
DA:36,0
DA:37,0
DA:40,0
DA:42,0
LF:12
LH:0
BRDA:25,0,0,0
BRDA:25,0,1,0
BRDA:33,1,0,0
BRDA:33,1,1,0
BRDA:35,2,0,0
BRDA:35,2,1,0
BRDA:42,3,0,0
BRDA:42,3,1,0
BRDA:42,4,0,0
BRDA:42,4,1,0
BRF:10
BRH:0
end_of_record
TN:
SF:src\components\ErrorBoundary.tsx
FN:37,(anonymous_0)
FN:47,(anonymous_1)
FN:57,(anonymous_2)
FN:61,(anonymous_3)
FN:73,(anonymous_4)
FNF:5
FNH:2
FNDA:1,(anonymous_0)
FNDA:0,(anonymous_1)
FNDA:0,(anonymous_2)
FNDA:3,(anonymous_3)
FNDA:0,(anonymous_4)
DA:38,1
DA:39,1
DA:48,0
DA:62,3
DA:63,0
DA:64,0
DA:67,0
DA:73,0
DA:82,3
DA:86,1
LF:10
LH:5
BRDA:62,0,0,0
BRDA:62,0,1,3
BRDA:63,1,0,0
BRDA:63,1,1,0
BRDA:69,2,0,0
BRDA:69,2,1,0
BRF:6
BRH:1
end_of_record
TN:
SF:src\components\Footer.tsx
FN:10,(anonymous_0)
FNF:1
FNH:1
FNDA:2,(anonymous_0)
DA:10,1
DA:11,2
DA:24,1
LF:3
LH:3
BRF:0
BRH:0
end_of_record
TN:
SF:src\components\GoogleTranslate.tsx
FN:10,(anonymous_0)
FN:11,(anonymous_1)
FN:13,(anonymous_2)
FN:28,(anonymous_3)
FN:29,(anonymous_4)
FN:35,(anonymous_5)
FN:50,(anonymous_6)
FNF:7
FNH:3
FNDA:2,(anonymous_0)
FNDA:1,(anonymous_1)
FNDA:0,(anonymous_2)
FNDA:0,(anonymous_3)
FNDA:0,(anonymous_4)
FNDA:0,(anonymous_5)
FNDA:1,(anonymous_6)
DA:10,1
DA:11,2
DA:13,1
DA:14,0
DA:15,0
DA:28,1
DA:29,0
DA:30,0
DA:31,0
DA:32,0
DA:33,0
DA:34,0
DA:35,0
DA:38,0
DA:42,1
DA:43,1
DA:44,1
DA:45,1
DA:46,1
DA:47,1
DA:50,1
DA:51,1
DA:52,1
DA:56,2
LF:24
LH:14
BRDA:14,0,0,0
BRDA:14,0,1,0
BRDA:29,1,0,0
BRDA:31,2,0,0
BRDA:31,2,1,0
BRDA:34,3,0,0
BRDA:34,3,1,0
BRDA:42,4,0,1
BRDA:42,4,1,0
BRF:9
BRH:1
end_of_record
TN:
SF:src\components\HelpButton.tsx
FN:50,(anonymous_0)
FN:52,(anonymous_1)
FN:91,(anonymous_2)
FN:99,(anonymous_3)
FN:100,(anonymous_4)
FN:105,(anonymous_5)
FN:110,(anonymous_6)
FN:117,(anonymous_7)
FN:123,(anonymous_8)
FN:124,(anonymous_9)
FN:143,(anonymous_10)
FNF:11
FNH:0
FNDA:0,(anonymous_0)
FNDA:0,(anonymous_1)
FNDA:0,(anonymous_2)
FNDA:0,(anonymous_3)
FNDA:0,(anonymous_4)
FNDA:0,(anonymous_5)
FNDA:0,(anonymous_6)
FNDA:0,(anonymous_7)
FNDA:0,(anonymous_8)
FNDA:0,(anonymous_9)
FNDA:0,(anonymous_10)
DA:36,0
DA:50,0
DA:52,0
DA:53,0
DA:56,0
DA:71,0
DA:73,0
DA:91,0
DA:92,0
DA:93,0
DA:96,0
DA:99,0
DA:100,0
DA:101,0
DA:102,0
DA:105,0
DA:106,0
DA:108,0
DA:109,0
DA:110,0
DA:111,0
DA:112,0
DA:117,0
DA:118,0
DA:119,0
DA:123,0
DA:124,0
DA:127,0
DA:144,0
DA:164,0
LF:30
LH:0
BRDA:101,0,0,0
BRDA:101,0,1,0
BRDA:101,1,0,0
BRDA:101,1,1,0
BRDA:106,2,0,0
BRDA:106,2,1,0
BRDA:134,3,0,0
BRDA:134,3,1,0
BRDA:151,4,0,0
BRDA:151,4,1,0
BRDA:152,5,0,0
BRDA:152,5,1,0
BRDA:157,6,0,0
BRDA:157,6,1,0
BRDA:158,7,0,0
BRDA:158,7,1,0
BRF:16
BRH:0
end_of_record
TN:
SF:src\components\LoadingSpinner.tsx
FN:18,(anonymous_0)
FNF:1
FNH:1
FNDA:2,(anonymous_0)
DA:18,1
DA:19,2
DA:32,1
DA:34,1
LF:4
LH:4
BRDA:18,0,0,1
BRF:1
BRH:1
end_of_record
TN:
SF:src\components\Navbar.tsx
FN:28,(anonymous_0)
FN:51,(anonymous_1)
FN:73,(anonymous_2)
FN:77,(anonymous_3)
FN:79,(anonymous_4)
FN:92,(anonymous_5)
FN:93,(anonymous_6)
FN:96,(anonymous_7)
FN:129,(anonymous_8)
FN:130,(anonymous_9)
FN:165,(anonymous_10)
FN:199,(anonymous_11)
FN:203,(anonymous_12)
FN:204,(anonymous_13)
FN:206,(anonymous_14)
FN:233,(anonymous_15)
FNF:16
FNH:9
FNDA:1,(anonymous_0)
FNDA:1,(anonymous_1)
FNDA:1,(anonymous_2)
FNDA:1,(anonymous_3)
FNDA:0,(anonymous_4)
FNDA:0,(anonymous_5)
FNDA:0,(anonymous_6)
FNDA:0,(anonymous_7)
FNDA:0,(anonymous_8)
FNDA:0,(anonymous_9)
FNDA:6,(anonymous_10)
FNDA:2,(anonymous_11)
FNDA:0,(anonymous_12)
FNDA:1,(anonymous_13)
FNDA:1,(anonymous_14)
FNDA:12,(anonymous_15)
DA:28,1
DA:29,1
DA:48,1
DA:51,1
DA:52,1
DA:63,1
DA:73,1
DA:74,1
DA:75,1
DA:77,1
DA:79,1
DA:80,0
DA:81,0
DA:82,0
DA:84,0
DA:85,0
DA:86,0
DA:88,0
DA:92,1
DA:93,0
DA:96,1
DA:97,0
DA:100,1
DA:130,0
DA:131,0
DA:156,1
DA:165,1
DA:166,6
DA:181,1
DA:183,1
DA:199,1
DA:200,2
DA:201,2
DA:203,2
DA:204,2
DA:205,1
DA:206,1
DA:209,2
DA:234,12
DA:252,1
LF:40
LH:29
BRDA:77,0,0,1
BRDA:77,0,1,0
BRDA:84,1,0,0
BRDA:84,1,1,0
BRDA:86,2,0,0
BRDA:86,2,1,0
BRDA:97,3,0,0
BRDA:97,3,1,0
BRDA:104,4,0,0
BRDA:104,4,1,1
BRDA:117,5,0,1
BRDA:117,5,1,0
BRDA:135,6,0,0
BRDA:135,6,1,0
BRDA:142,7,0,0
BRDA:142,7,1,0
BRDA:171,8,0,1
BRDA:171,8,1,5
BRDA:172,9,0,1
BRDA:172,9,1,5
BRDA:226,10,0,1
BRDA:226,10,1,1
BRDA:230,11,0,1
BRDA:230,11,1,1
BRF:24
BRH:11
end_of_record
TN:
SF:src\components\Tests.tsx
FN:9,(anonymous_0)
FN:12,(anonymous_1)
FN:16,(anonymous_2)
FN:25,(anonymous_3)
FN:49,(anonymous_4)
FN:91,(anonymous_5)
FN:108,(anonymous_6)
FNF:7
FNH:0
FNDA:0,(anonymous_0)
FNDA:0,(anonymous_1)
FNDA:0,(anonymous_2)
FNDA:0,(anonymous_3)
FNDA:0,(anonymous_4)
FNDA:0,(anonymous_5)
FNDA:0,(anonymous_6)
DA:9,0
DA:10,0
DA:12,0
DA:13,0
DA:14,0
DA:15,0
DA:17,0
DA:18,0
DA:19,0
DA:24,0
DA:25,0
DA:28,0
DA:44,0
DA:49,0
DA:50,0
DA:92,0
DA:109,0
LF:17
LH:0
BRDA:14,0,0,0
BRDA:14,0,1,0
BRDA:17,1,0,0
BRDA:17,1,1,0
BRF:4
BRH:0
end_of_record
TN:
SF:src\constants\index.ts
FN:18,(anonymous_0)
FNF:1
FNH:0
FNDA:0,(anonymous_0)
DA:2,0
DA:3,0
DA:5,0
DA:6,0
DA:9,0
DA:18,0
DA:21,0
DA:35,0
DA:37,0
DA:39,0
DA:47,0
DA:57,0
DA:82,0
DA:83,0
DA:85,0
DA:91,0
DA:98,0
DA:99,0
DA:102,0
DA:103,0
DA:104,0
DA:105,0
DA:108,0
DA:114,0
LF:24
LH:0
BRDA:35,0,0,0
BRDA:35,0,1,0
BRDA:37,1,0,0
BRDA:37,1,1,0
BRF:4
BRH:0
end_of_record
TN:
SF:src\data\content.ts
FNF:0
FNH:0
DA:1,2
DA:19,2
DA:32,2
DA:41,2
LF:4
LH:4
BRF:0
BRH:0
end_of_record
TN:
SF:src\data\phases.ts
FNF:0
FNH:0
DA:1,1
LF:1
LH:1
BRF:0
BRH:0
end_of_record
TN:
SF:src\data\questions.ts
FNF:0
FNH:0
DA:1,1
LF:1
LH:1
BRF:0
BRH:0
end_of_record
TN:
SF:src\features\chat\AIChat.tsx
FN:21,(anonymous_0)
FN:29,(anonymous_1)
FN:39,(anonymous_2)
FN:46,(anonymous_3)
FN:50,(anonymous_4)
FN:51,(anonymous_5)
FN:62,(anonymous_6)
FN:72,(anonymous_7)
FN:91,(anonymous_8)
FNF:9
FNH:0
FNDA:0,(anonymous_0)
FNDA:0,(anonymous_1)
FNDA:0,(anonymous_2)
FNDA:0,(anonymous_3)
FNDA:0,(anonymous_4)
FNDA:0,(anonymous_5)
FNDA:0,(anonymous_6)
FNDA:0,(anonymous_7)
FNDA:0,(anonymous_8)
DA:21,0
DA:22,0
DA:23,0
DA:24,0
DA:29,0
DA:30,0
DA:31,0
DA:39,0
DA:40,0
DA:41,0
DA:44,0
DA:46,0
DA:47,0
DA:50,0
DA:51,0
DA:62,0
DA:63,0
DA:64,0
DA:72,0
DA:73,0
DA:76,0
DA:92,0
DA:125,0
LF:23
LH:0
BRDA:30,0,0,0
BRDA:30,0,1,0
BRDA:41,1,0,0
BRDA:41,1,1,0
BRDA:63,2,0,0
BRDA:63,2,1,0
BRDA:96,3,0,0
BRDA:96,3,1,0
BRF:8
BRH:0
end_of_record
TN:
SF:src\features\core\CTA.tsx
FN:9,(anonymous_0)
FNF:1
FNH:1
FNDA:2,(anonymous_0)
DA:9,1
DA:10,2
DA:43,1
LF:3
LH:3
BRF:0
BRH:0
end_of_record
TN:
SF:src\features\core\Glossary.tsx
FN:24,(anonymous_0)
FN:46,(anonymous_1)
FN:51,(anonymous_2)
FN:55,(anonymous_3)
FN:60,(anonymous_4)
FN:100,(anonymous_5)
FNF:6
FNH:5
FNDA:10,(anonymous_0)
FNDA:7,(anonymous_1)
FNDA:6,(anonymous_2)
FNDA:1,(anonymous_3)
FNDA:0,(anonymous_4)
FNDA:70,(anonymous_5)
DA:24,1
DA:25,10
DA:31,1
DA:33,1
DA:46,1
DA:47,7
DA:48,7
DA:51,7
DA:52,6
DA:55,7
DA:56,1
DA:57,1
DA:58,1
DA:59,0
DA:61,0
DA:66,7
DA:101,70
DA:112,1
LF:18
LH:16
BRDA:58,0,0,1
BRDA:58,0,1,0
BRDA:61,1,0,0
BRDA:61,1,1,0
BRDA:97,2,0,7
BRDA:97,2,1,0
BRDA:99,3,0,7
BRDA:99,3,1,0
BRF:8
BRH:3
end_of_record
TN:
SF:src\features\core\HowItWorks.tsx
FN:24,(anonymous_0)
FN:49,(anonymous_1)
FN:63,(anonymous_2)
FNF:3
FNH:3
FNDA:12,(anonymous_0)
FNDA:2,(anonymous_1)
FNDA:12,(anonymous_2)
DA:24,1
DA:25,12
DA:35,1
DA:37,1
DA:49,1
DA:50,2
DA:64,12
DA:72,1
LF:8
LH:8
BRF:0
BRH:0
end_of_record
TN:
SF:src\features\hero\Hero.tsx
FN:32,(anonymous_0)
FN:62,(anonymous_1)
FN:65,(anonymous_2)
FN:79,(anonymous_3)
FNF:4
FNH:4
FNDA:42,(anonymous_0)
FNDA:3,(anonymous_1)
FNDA:42,(anonymous_2)
FNDA:42,(anonymous_3)
DA:32,1
DA:33,42
DA:47,1
DA:49,1
DA:62,1
DA:64,3
DA:65,42
DA:74,3
DA:80,42
DA:120,1
LF:10
LH:10
BRF:0
BRH:0
end_of_record
TN:
SF:src\features\map\PollMap.tsx
FN:24,(anonymous_0)
FN:44,(anonymous_1)
FN:48,(anonymous_2)
FN:58,(anonymous_3)
FN:64,(anonymous_4)
FN:68,(anonymous_5)
FN:78,(anonymous_6)
FN:98,(anonymous_7)
FN:108,(anonymous_8)
FN:140,(anonymous_9)
FN:143,(anonymous_10)
FN:165,(anonymous_11)
FN:190,(anonymous_12)
FN:207,(anonymous_13)
FN:220,(anonymous_14)
FN:232,(anonymous_15)
FN:241,(anonymous_16)
FN:247,(anonymous_17)
FNF:18
FNH:10
FNDA:5,(anonymous_0)
FNDA:3,(anonymous_1)
FNDA:0,(anonymous_2)
FNDA:3,(anonymous_3)
FNDA:3,(anonymous_4)
FNDA:1,(anonymous_5)
FNDA:1,(anonymous_6)
FNDA:3,(anonymous_7)
FNDA:0,(anonymous_8)
FNDA:5,(anonymous_9)
FNDA:0,(anonymous_10)
FNDA:0,(anonymous_11)
FNDA:0,(anonymous_12)
FNDA:4,(anonymous_13)
FNDA:0,(anonymous_14)
FNDA:0,(anonymous_15)
FNDA:0,(anonymous_16)
FNDA:4,(anonymous_17)
DA:24,1
DA:25,5
DA:26,5
DA:28,5
DA:29,5
DA:30,5
DA:31,5
DA:32,5
DA:34,5
DA:35,5
DA:36,5
DA:37,5
DA:38,5
DA:44,5
DA:45,3
DA:47,3
DA:49,0
DA:50,0
DA:51,0
DA:57,3
DA:58,3
DA:64,5
DA:65,3
DA:68,1
DA:69,1
DA:70,1
DA:71,0
DA:78,1
DA:79,1
DA:80,1
DA:81,0
DA:83,1
DA:87,1
DA:88,1
DA:90,1
DA:91,1
DA:92,1
DA:98,5
DA:99,3
DA:101,0
DA:108,0
DA:109,0
DA:110,0
DA:111,0
DA:112,0
DA:123,0
DA:127,0
DA:134,0
DA:140,5
DA:141,5
DA:143,0
DA:144,0
DA:146,0
DA:147,0
DA:149,0
DA:163,0
DA:165,0
DA:166,0
DA:181,0
DA:190,0
DA:191,0
DA:192,0
DA:193,0
DA:194,0
DA:198,0
DA:201,0
DA:207,5
DA:208,4
DA:210,0
DA:211,0
DA:213,0
DA:214,0
DA:221,0
DA:222,0
DA:232,5
DA:233,0
DA:234,0
DA:235,0
DA:236,0
DA:241,5
DA:242,0
DA:243,0
DA:246,5
DA:247,4
DA:251,5
DA:336,1
LF:86
LH:44
BRDA:45,0,0,0
BRDA:45,0,1,3
BRDA:49,1,0,0
BRDA:49,1,1,0
BRDA:65,2,0,2
BRDA:65,2,1,1
BRDA:92,3,0,1
BRDA:92,3,1,0
BRDA:99,4,0,3
BRDA:99,4,1,0
BRDA:99,5,0,3
BRDA:99,5,1,1
BRDA:99,5,2,1
BRDA:99,5,3,1
BRDA:111,6,0,0
BRDA:111,6,1,0
BRDA:111,7,0,0
BRDA:111,7,1,0
BRDA:141,8,0,5
BRDA:141,8,1,0
BRDA:141,9,0,5
BRDA:141,9,1,0
BRDA:147,10,0,0
BRDA:147,10,1,0
BRDA:173,11,0,0
BRDA:173,11,1,0
BRDA:191,12,0,0
BRDA:191,12,1,0
BRDA:208,13,0,4
BRDA:208,13,1,0
BRDA:208,14,0,4
BRDA:208,14,1,1
BRDA:208,14,2,0
BRDA:208,14,3,0
BRDA:211,15,0,0
BRDA:211,15,1,0
BRDA:221,16,0,0
BRDA:221,16,1,0
BRDA:221,17,0,0
BRDA:221,17,1,0
BRDA:234,18,0,0
BRDA:234,18,1,0
BRDA:247,19,0,4
BRDA:247,19,1,0
BRDA:263,20,0,5
BRDA:263,20,1,1
BRDA:279,21,0,1
BRDA:279,21,1,0
BRDA:287,22,0,5
BRDA:287,22,1,1
BRDA:294,23,0,5
BRDA:294,23,1,3
BRDA:298,24,0,3
BRDA:298,24,1,2
BRDA:303,25,0,2
BRDA:303,25,1,0
BRDA:308,26,0,3
BRDA:308,26,1,2
BRDA:316,27,0,3
BRDA:316,27,1,0
BRF:60
BRH:28
end_of_record
TN:
SF:src\features\map\types.ts
FNF:0
FNH:0
LF:0
LH:0
BRF:0
BRH:0
end_of_record
TN:
SF:src\features\map\components\MapPlaceholder.tsx
FN:4,(anonymous_0)
FNF:1
FNH:0
FNDA:0,(anonymous_0)
DA:4,1
DA:5,0
LF:2
LH:1
BRDA:13,0,0,0
BRDA:13,0,1,0
BRF:2
BRH:0
end_of_record
TN:
SF:src\features\map\components\StationItem.tsx
FN:6,(anonymous_0)
FN:10,(anonymous_1)
FNF:2
FNH:1
FNDA:2,(anonymous_0)
FNDA:0,(anonymous_1)
DA:6,1
DA:7,2
DA:10,0
DA:31,1
LF:4
LH:3
BRDA:9,0,0,1
BRDA:9,0,1,1
BRDA:12,1,0,1
BRDA:12,1,1,1
BRF:4
BRH:4
end_of_record
TN:
SF:src\features\map\components\StationList.tsx
FN:6,(anonymous_0)
FN:10,(anonymous_1)
FNF:2
FNH:2
FNDA:1,(anonymous_0)
FNDA:2,(anonymous_1)
DA:6,1
DA:7,1
DA:11,2
DA:22,1
LF:4
LH:4
BRF:0
BRH:0
end_of_record
TN:
SF:src\features\map\components\TripCard.tsx
FN:5,(anonymous_0)
FNF:1
FNH:1
FNDA:2,(anonymous_0)
DA:5,1
DA:6,2
LF:2
LH:2
BRF:0
BRH:0
end_of_record
TN:
SF:src\features\map\components\WeatherCard.tsx
FN:5,(anonymous_0)
FN:12,(anonymous_1)
FNF:2
FNH:1
FNDA:0,(anonymous_0)
FNDA:2,(anonymous_1)
DA:5,1
DA:7,0
DA:8,0
DA:12,1
DA:13,2
DA:14,2
DA:17,0
DA:19,0
DA:43,1
LF:9
LH:5
BRDA:8,0,0,0
BRDA:8,0,1,0
BRDA:13,1,0,2
BRDA:13,1,1,0
BRDA:28,2,0,0
BRDA:28,2,1,0
BRF:6
BRH:1
end_of_record
TN:
SF:src\features\quiz\Quiz.tsx
FN:14,(anonymous_0)
FN:50,(anonymous_1)
FNF:2
FNH:2
FNDA:2,(anonymous_0)
FNDA:10,(anonymous_1)
DA:14,1
DA:23,2
DA:25,2
DA:51,10
DA:80,1
LF:5
LH:5
BRDA:34,0,0,2
BRDA:34,0,1,0
BRDA:40,1,0,1
BRDA:40,1,1,1
BRDA:60,2,0,0
BRDA:60,2,1,2
BRF:6
BRH:4
end_of_record
TN:
SF:src\features\quiz\types.ts
FNF:0
FNH:0
LF:0
LH:0
BRF:0
BRH:0
end_of_record
TN:
SF:src\features\quiz\components\Leaderboard.tsx
FN:9,(anonymous_0)
FN:13,(anonymous_1)
FN:20,(anonymous_2)
FN:25,(anonymous_3)
FN:39,(anonymous_4)
FNF:5
FNH:0
FNDA:0,(anonymous_0)
FNDA:0,(anonymous_1)
FNDA:0,(anonymous_2)
FNDA:0,(anonymous_3)
FNDA:0,(anonymous_4)
DA:6,1
DA:9,1
DA:10,0
DA:11,0
DA:13,0
DA:14,0
DA:15,0
DA:16,0
DA:20,0
DA:21,0
DA:22,0
DA:25,0
DA:28,0
DA:30,0
DA:40,0
LF:15
LH:2
BRDA:14,0,0,0
BRDA:14,0,1,0
BRDA:28,1,0,0
BRDA:28,1,1,0
BRDA:33,2,0,0
BRDA:33,2,1,0
BRDA:35,3,0,0
BRDA:35,3,1,0
BRDA:42,4,0,0
BRDA:42,4,1,0
BRDA:48,5,0,0
BRDA:48,5,1,0
BRF:12
BRH:0
end_of_record
TN:
SF:src\features\quiz\components\QuizOption.tsx
FN:5,(anonymous_0)
FNF:1
FNH:1
FNDA:8,(anonymous_0)
DA:5,1
DA:14,8
DA:22,8
DA:37,1
LF:4
LH:4
BRDA:14,0,0,4
BRDA:14,0,1,4
BRDA:15,1,0,1
BRDA:15,1,1,3
BRDA:17,2,0,1
BRDA:17,2,1,2
BRF:6
BRH:6
end_of_record
TN:
SF:src\features\quiz\components\QuizQuestion.tsx
FN:9,(anonymous_0)
FN:18,(anonymous_1)
FN:29,(anonymous_2)
FN:32,(anonymous_3)
FN:55,(anonymous_4)
FN:64,(anonymous_5)
FNF:6
FNH:4
FNDA:2,(anonymous_0)
FNDA:1,(anonymous_1)
FNDA:0,(anonymous_2)
FNDA:0,(anonymous_3)
FNDA:8,(anonymous_4)
FNDA:1,(anonymous_5)
DA:9,1
DA:10,2
DA:11,2
DA:12,2
DA:13,2
DA:15,2
DA:16,2
DA:18,2
DA:19,1
DA:20,1
DA:21,1
DA:22,1
DA:24,1
DA:29,1
DA:32,2
DA:34,2
DA:56,8
DA:64,1
LF:18
LH:18
BRDA:19,0,0,0
BRDA:19,0,1,1
BRDA:61,1,0,8
BRDA:61,1,1,4
BRDA:62,2,0,8
BRDA:62,2,1,4
BRDA:62,2,2,1
BRDA:69,3,0,2
BRDA:69,3,1,1
BRDA:71,4,0,0
BRDA:71,4,1,1
BRDA:76,5,0,0
BRDA:76,5,1,1
BRDA:80,6,0,1
BRDA:80,6,1,1
BRDA:87,7,0,0
BRDA:87,7,1,2
BRF:17
BRH:13
end_of_record
TN:
SF:src\features\quiz\components\QuizScore.tsx
FN:9,(anonymous_0)
FN:40,(anonymous_1)
FNF:2
FNH:0
FNDA:0,(anonymous_0)
FNDA:0,(anonymous_1)
DA:9,1
DA:10,0
DA:12,0
DA:13,0
DA:15,0
DA:21,0
DA:27,0
DA:40,0
LF:8
LH:1
BRDA:15,0,0,0
BRDA:15,0,1,0
BRDA:17,1,0,0
BRDA:17,1,1,0
BRDA:21,2,0,0
BRDA:21,2,1,0
BRDA:23,3,0,0
BRDA:23,3,1,0
BRDA:36,4,0,0
BRDA:36,4,1,0
BRDA:36,4,2,0
BRF:11
BRH:0
end_of_record
TN:
SF:src\features\quiz\components\SaveScoreModal.tsx
FN:10,(anonymous_0)
FN:21,(anonymous_1)
FN:25,(anonymous_2)
FNF:3
FNH:0
FNDA:0,(anonymous_0)
FNDA:0,(anonymous_1)
FNDA:0,(anonymous_2)
DA:10,1
DA:11,0
DA:12,0
DA:13,0
DA:14,0
DA:15,0
DA:16,0
DA:19,0
DA:21,0
DA:22,0
DA:25,0
DA:26,0
DA:28,0
DA:29,0
DA:30,0
DA:31,0
DA:34,0
DA:35,0
DA:36,0
DA:39,0
DA:40,0
DA:41,0
DA:42,0
DA:43,0
DA:44,0
DA:46,0
DA:47,0
DA:49,0
DA:53,0
DA:55,0
LF:30
LH:1
BRDA:26,0,0,0
BRDA:26,0,1,0
BRDA:28,1,0,0
BRDA:28,1,1,0
BRDA:29,2,0,0
BRDA:29,2,1,0
BRDA:34,3,0,0
BRDA:34,3,1,0
BRDA:34,4,0,0
BRDA:34,4,1,0
BRDA:53,5,0,0
BRDA:53,5,1,0
BRDA:63,6,0,0
BRDA:63,6,1,0
BRDA:94,7,0,0
BRDA:94,7,1,0
BRDA:108,8,0,0
BRDA:108,8,1,0
BRF:18
BRH:0
end_of_record
TN:
SF:src\features\quiz\hooks\useQuiz.ts
FN:7,(anonymous_0)
FN:14,(anonymous_1)
FN:17,(anonymous_2)
FN:22,(anonymous_3)
FN:25,(anonymous_4)
FN:31,(anonymous_5)
FNF:6
FNH:3
FNDA:2,(anonymous_0)
FNDA:1,(anonymous_1)
FNDA:0,(anonymous_2)
FNDA:0,(anonymous_3)
FNDA:0,(anonymous_4)
FNDA:10,(anonymous_5)
DA:7,1
DA:8,2
DA:9,2
DA:10,2
DA:12,2
DA:14,2
DA:15,1
DA:17,0
DA:18,0
DA:19,0
DA:21,1
DA:22,1
DA:25,2
DA:26,0
DA:27,0
DA:28,0
DA:31,2
DA:32,10
DA:33,10
DA:34,8
DA:37,2
LF:21
LH:15
BRDA:15,0,0,0
BRDA:15,0,1,1
BRDA:22,1,0,0
BRDA:22,1,1,1
BRDA:32,2,0,0
BRDA:32,2,1,10
BRDA:33,3,0,2
BRDA:33,3,1,8
BRF:8
BRH:5
end_of_record
TN:
SF:src\features\stats\Stats.tsx
FN:41,(anonymous_0)
FN:64,(anonymous_1)
FN:92,(anonymous_2)
FN:93,(anonymous_3)
FN:97,(anonymous_4)
FNF:5
FNH:5
FNDA:8,(anonymous_0)
FNDA:2,(anonymous_1)
FNDA:2,(anonymous_2)
FNDA:2,(anonymous_3)
FNDA:8,(anonymous_4)
DA:29,1
DA:41,1
DA:42,8
DA:50,1
DA:52,1
DA:64,1
DA:65,2
DA:72,1
DA:74,1
DA:82,1
DA:92,1
DA:93,2
DA:95,2
DA:98,8
DA:104,1
LF:15
LH:15
BRDA:64,0,0,0
BRF:1
BRH:0
end_of_record
TN:
SF:src\features\timeline\Timeline.tsx
FN:51,(anonymous_0)
FN:56,(anonymous_1)
FN:72,(anonymous_2)
FN:118,(anonymous_3)
FN:133,(anonymous_4)
FN:163,(anonymous_5)
FN:171,(anonymous_6)
FN:197,(anonymous_7)
FNF:8
FNH:7
FNDA:8,(anonymous_0)
FNDA:0,(anonymous_1)
FNDA:1,(anonymous_2)
FNDA:2,(anonymous_3)
FNDA:6,(anonymous_4)
FNDA:2,(anonymous_5)
FNDA:1,(anonymous_6)
FNDA:12,(anonymous_7)
DA:51,1
DA:56,8
DA:57,0
DA:58,0
DA:59,0
DA:61,0
DA:62,0
DA:63,0
DA:65,0
DA:66,0
DA:67,0
DA:72,8
DA:73,1
DA:76,8
DA:97,1
DA:99,1
DA:118,1
DA:119,2
DA:134,6
DA:141,1
DA:143,1
DA:163,1
DA:164,2
DA:165,2
DA:171,2
DA:172,1
DA:173,1
DA:176,2
DA:178,2
DA:198,12
DA:215,1
LF:31
LH:22
BRDA:57,0,0,0
BRDA:57,0,1,0
BRDA:57,1,0,0
BRDA:57,1,1,0
BRDA:61,2,0,0
BRDA:61,2,1,0
BRDA:65,3,0,0
BRDA:65,3,1,0
BRDA:78,4,0,2
BRDA:78,4,1,6
BRF:10
BRH:2
end_of_record
TN:
SF:src\hooks\useActiveSection.ts
FN:10,(anonymous_0)
FN:13,(anonymous_1)
FN:15,(anonymous_2)
FN:16,(anonymous_3)
FN:25,(anonymous_4)
FN:33,(anonymous_5)
FN:35,(anonymous_6)
FNF:7
FNH:5
FNDA:2,(anonymous_0)
FNDA:1,(anonymous_1)
FNDA:0,(anonymous_2)
FNDA:0,(anonymous_3)
FNDA:6,(anonymous_4)
FNDA:1,(anonymous_5)
FNDA:1,(anonymous_6)
DA:10,1
DA:11,2
DA:13,2
DA:14,1
DA:16,0
DA:17,0
DA:18,0
DA:25,1
DA:26,6
DA:27,6
DA:30,1
DA:33,2
DA:34,1
DA:35,1
DA:38,2
LF:15
LH:12
BRDA:17,0,0,0
BRDA:17,0,1,0
BRDA:27,1,0,0
BRDA:27,1,1,6
BRF:4
BRH:1
end_of_record
TN:
SF:src\hooks\useAnalytics.ts
FN:9,(anonymous_0)
FN:11,(anonymous_1)
FN:20,(anonymous_2)
FN:26,(anonymous_3)
FNF:4
FNH:3
FNDA:2,(anonymous_0)
FNDA:1,(anonymous_1)
FNDA:1,(anonymous_2)
FNDA:0,(anonymous_3)
DA:9,1
DA:11,2
DA:12,1
DA:13,0
DA:20,2
DA:21,1
DA:22,1
DA:26,2
DA:27,0
DA:33,2
LF:10
LH:8
BRDA:12,0,0,0
BRDA:12,0,1,1
BRDA:12,1,0,1
BRDA:12,1,1,1
BRDA:12,1,2,1
BRDA:21,2,0,1
BRDA:21,2,1,0
BRDA:21,3,0,1
BRDA:21,3,1,1
BRF:9
BRH:7
end_of_record
TN:
SF:src\hooks\useDebounce.ts
FN:12,useDebounce
FN:15,(anonymous_1)
FN:16,(anonymous_2)
FN:20,(anonymous_3)
FNF:4
FNH:3
FNDA:7,useDebounce
FNDA:7,(anonymous_1)
FNDA:0,(anonymous_2)
FNDA:7,(anonymous_3)
DA:13,7
DA:15,7
DA:16,7
DA:17,0
DA:20,7
DA:21,7
DA:25,7
LF:7
LH:6
BRF:0
BRH:0
end_of_record
TN:
SF:src\hooks\useFetch.ts
FN:9,(anonymous_0)
FN:14,(anonymous_1)
FNF:2
FNH:0
FNDA:0,(anonymous_0)
FNDA:0,(anonymous_1)
DA:9,0
DA:10,0
DA:11,0
DA:12,0
DA:14,0
DA:15,0
DA:17,0
DA:18,0
DA:19,0
DA:20,0
DA:21,0
DA:22,0
DA:28,0
DA:29,0
DA:31,0
DA:32,0
DA:33,0
DA:34,0
DA:36,0
DA:37,0
DA:38,0
DA:39,0
DA:44,0
DA:46,0
DA:50,0
LF:25
LH:0
BRDA:14,0,0,0
BRDA:15,1,0,0
BRDA:15,1,1,0
BRDA:19,2,0,0
BRDA:19,2,1,0
BRDA:33,3,0,0
BRDA:33,3,1,0
BRDA:44,4,0,0
BRDA:44,4,1,0
BRF:9
BRH:0
end_of_record
TN:
SF:src\hooks\useFocusTrap.ts
FN:7,(anonymous_0)
FN:10,(anonymous_1)
FN:26,(anonymous_2)
FN:44,(anonymous_3)
FNF:4
FNH:0
FNDA:0,(anonymous_0)
FNDA:0,(anonymous_1)
FNDA:0,(anonymous_2)
FNDA:0,(anonymous_3)
DA:7,1
DA:8,0
DA:10,0
DA:11,0
DA:13,0
DA:14,0
DA:16,0
DA:19,0
DA:20,0
DA:22,0
DA:23,0
DA:26,0
DA:27,0
DA:29,0
DA:30,0
DA:31,0
DA:32,0
DA:35,0
DA:36,0
DA:37,0
DA:42,0
DA:44,0
DA:45,0
DA:46,0
DA:47,0
LF:25
LH:1
BRDA:11,0,0,0
BRDA:11,0,1,0
BRDA:11,1,0,0
BRDA:11,1,1,0
BRDA:22,2,0,0
BRDA:22,2,1,0
BRDA:27,3,0,0
BRDA:27,3,1,0
BRDA:29,4,0,0
BRDA:29,4,1,0
BRDA:30,5,0,0
BRDA:30,5,1,0
BRDA:35,6,0,0
BRDA:35,6,1,0
BRDA:46,7,0,0
BRDA:46,7,1,0
BRF:16
BRH:0
end_of_record
TN:
SF:src\hooks\useGemini.ts
FN:7,(anonymous_0)
FN:11,(anonymous_1)
FN:33,(anonymous_2)
FN:36,(anonymous_3)
FN:36,(anonymous_4)
FNF:5
FNH:2
FNDA:6,(anonymous_0)
FNDA:3,(anonymous_1)
FNDA:0,(anonymous_2)
FNDA:0,(anonymous_3)
FNDA:0,(anonymous_4)
DA:7,1
DA:9,6
DA:13,3
DA:19,3
DA:20,2
DA:33,1
DA:34,0
DA:36,0
LF:8
LH:6
BRDA:7,0,0,6
BRDA:19,1,0,1
BRDA:19,1,1,2
BRF:3
BRH:3
end_of_record
TN:
SF:src\hooks\useGeolocation.ts
FN:16,useGeolocation
FN:20,(anonymous_1)
FN:29,(anonymous_2)
FN:36,(anonymous_3)
FNF:4
FNH:0
FNDA:0,useGeolocation
FNDA:0,(anonymous_1)
FNDA:0,(anonymous_2)
FNDA:0,(anonymous_3)
DA:17,0
DA:18,0
DA:20,0
DA:21,0
DA:22,0
DA:23,0
DA:26,0
DA:28,0
DA:30,0
DA:34,0
DA:37,0
DA:38,0
DA:44,0
LF:13
LH:0
BRDA:21,0,0,0
BRDA:21,0,1,0
BRDA:38,1,0,0
BRDA:38,1,1,0
BRF:4
BRH:0
end_of_record
TN:
SF:src\hooks\useLocalStorage.ts
FN:12,(anonymous_0)
FN:13,(anonymous_1)
FN:23,(anonymous_2)
FNF:3
FNH:2
FNDA:1,(anonymous_0)
FNDA:1,(anonymous_1)
FNDA:0,(anonymous_2)
DA:12,1
DA:13,1
DA:14,1
DA:15,1
DA:16,1
DA:18,0
DA:19,0
DA:23,1
DA:24,0
DA:25,0
DA:26,0
DA:27,0
DA:29,0
DA:33,1
LF:14
LH:7
BRDA:16,0,0,0
BRDA:16,0,1,1
BRDA:25,1,0,0
BRDA:25,1,1,0
BRF:4
BRH:1
end_of_record
TN:
SF:src\hooks\useScrollReveal.ts
FN:10,(anonymous_0)
FN:13,(anonymous_1)
FN:15,(anonymous_2)
FN:16,(anonymous_3)
FN:29,(anonymous_4)
FN:33,(anonymous_5)
FN:35,(anonymous_6)
FN:41,(anonymous_7)
FN:50,(anonymous_8)
FNF:9
FNH:0
FNDA:0,(anonymous_0)
FNDA:0,(anonymous_1)
FNDA:0,(anonymous_2)
FNDA:0,(anonymous_3)
FNDA:0,(anonymous_4)
FNDA:0,(anonymous_5)
FNDA:0,(anonymous_6)
FNDA:0,(anonymous_7)
FNDA:0,(anonymous_8)
DA:10,0
DA:11,0
DA:13,0
DA:14,0
DA:16,0
DA:17,0
DA:18,0
DA:19,0
DA:25,0
DA:26,0
DA:29,0
DA:30,0
DA:33,0
DA:34,0
DA:35,0
DA:38,0
DA:41,0
DA:42,0
DA:45,0
DA:50,0
DA:51,0
DA:52,0
LF:22
LH:0
BRDA:10,0,0,0
BRDA:17,1,0,0
BRDA:17,1,1,0
BRF:3
BRH:0
end_of_record
TN:
SF:src\hooks\useSecureApi.ts
FN:13,(anonymous_0)
FN:17,(anonymous_1)
FNF:2
FNH:0
FNDA:0,(anonymous_0)
FNDA:0,(anonymous_1)
DA:13,0
DA:14,0
DA:15,0
DA:17,0
DA:18,0
DA:19,0
DA:21,0
DA:23,0
DA:24,0
DA:26,0
DA:27,0
DA:28,0
DA:33,0
DA:34,0
DA:36,0
DA:43,0
DA:44,0
DA:47,0
DA:51,0
DA:52,0
DA:54,0
DA:56,0
DA:57,0
DA:59,0
DA:63,0
LF:25
LH:0
BRDA:17,0,0,0
BRDA:24,1,0,0
BRDA:24,1,1,0
BRDA:27,2,0,0
BRDA:27,2,1,0
BRDA:40,3,0,0
BRDA:40,3,1,0
BRDA:43,4,0,0
BRDA:43,4,1,0
BRDA:56,5,0,0
BRDA:56,5,1,0
BRF:11
BRH:0
end_of_record
TN:
SF:src\services\apiClient.ts
FN:18,(anonymous_0)
FN:29,(anonymous_1)
FN:58,(anonymous_2)
FN:75,(anonymous_3)
FN:77,(anonymous_4)
FNF:5
FNH:1
FNDA:0,(anonymous_0)
FNDA:0,(anonymous_1)
FNDA:0,(anonymous_2)
FNDA:2,(anonymous_3)
FNDA:0,(anonymous_4)
DA:7,1
DA:19,0
DA:20,0
DA:28,0
DA:29,0
DA:30,0
DA:33,0
DA:34,0
DA:37,0
DA:39,0
DA:40,0
DA:42,0
DA:43,0
DA:44,0
DA:59,0
DA:60,0
DA:61,0
DA:64,0
DA:76,2
DA:77,0
DA:78,0
DA:80,0
LF:22
LH:2
BRDA:18,0,0,0
BRDA:28,1,0,0
BRDA:28,1,1,0
BRDA:30,2,0,0
BRDA:30,2,1,0
BRDA:39,3,0,0
BRDA:39,3,1,0
BRDA:39,4,0,0
BRDA:39,4,1,0
BRDA:58,5,0,0
BRF:10
BRH:0
end_of_record
TN:
SF:src\services\geminiService.ts
FN:28,(anonymous_0)
FNF:1
FNH:0
FNDA:0,(anonymous_0)
DA:6,0
DA:19,0
DA:28,0
DA:29,0
DA:31,0
DA:58,0
DA:64,0
DA:66,0
DA:68,0
DA:69,0
LF:10
LH:0
BRDA:64,0,0,0
BRDA:64,0,1,0
BRF:2
BRH:0
end_of_record
TN:
SF:src\services\geocodeService.ts
FN:16,reverseGeocode
FNF:1
FNH:1
FNDA:1,reverseGeocode
DA:4,1
DA:5,1
DA:17,1
DA:18,1
DA:19,1
DA:22,1
DA:23,1
DA:24,1
DA:25,0
DA:26,0
DA:27,0
DA:34,1
DA:40,0
DA:41,0
DA:48,0
DA:49,0
DA:52,0
DA:53,0
DA:61,0
DA:63,0
DA:64,0
LF:21
LH:9
BRDA:24,0,0,0
BRDA:24,0,1,1
BRDA:26,1,0,0
BRDA:26,1,1,0
BRDA:49,2,0,0
BRDA:49,2,1,0
BRDA:49,2,2,0
BRDA:49,2,3,0
BRDA:49,2,4,0
BRF:9
BRH:1
end_of_record
TN:
SF:src\services\leaderboardService.ts
FN:26,(anonymous_0)
FN:29,(anonymous_1)
FN:38,(anonymous_2)
FN:39,(anonymous_3)
FN:44,(anonymous_4)
FN:53,(anonymous_5)
FNF:6
FNH:0
FNDA:0,(anonymous_0)
FNDA:0,(anonymous_1)
FNDA:0,(anonymous_2)
FNDA:0,(anonymous_3)
FNDA:0,(anonymous_4)
FNDA:0,(anonymous_5)
DA:20,1
DA:27,0
DA:28,0
DA:29,0
DA:32,0
DA:38,0
DA:39,0
DA:43,0
DA:45,0
DA:46,0
DA:54,0
DA:56,0
LF:12
LH:1
BRDA:27,0,0,0
BRDA:27,0,1,0
BRDA:27,1,0,0
BRDA:27,1,1,0
BRDA:54,2,0,0
BRDA:54,2,1,0
BRDA:54,3,0,0
BRDA:54,3,1,0
BRDA:57,4,0,0
BRDA:57,4,1,0
BRF:10
BRH:0
end_of_record
TN:
SF:src\services\pollingStationsService.ts
FN:27,buildPollingStations
FN:30,(anonymous_1)
FN:45,(anonymous_2)
FNF:3
FNH:3
FNDA:1,buildPollingStations
FNDA:2,(anonymous_1)
FNDA:1,(anonymous_2)
DA:28,1
DA:30,1
DA:31,2
DA:32,2
DA:33,2
DA:35,2
DA:45,1
LF:7
LH:7
BRF:0
BRH:0
end_of_record
TN:
SF:src\services\weatherService.ts
FN:25,fetchWeather
FNF:1
FNH:1
FNDA:1,fetchWeather
DA:13,1
DA:14,1
DA:26,1
DA:29,1
DA:30,1
DA:31,1
DA:32,0
DA:33,0
DA:34,0
DA:41,1
DA:48,0
DA:49,0
DA:50,0
DA:53,0
DA:54,0
DA:62,0
DA:64,0
DA:65,0
LF:18
LH:7
BRDA:31,0,0,0
BRDA:31,0,1,1
BRDA:33,1,0,0
BRDA:33,1,1,0
BRF:4
BRH:1
end_of_record
TN:
SF:src\store\useAppStore.ts
FN:15,(anonymous_0)
FN:17,(anonymous_1)
FN:17,(anonymous_2)
FN:18,(anonymous_3)
FN:20,(anonymous_4)
FNF:5
FNH:0
FNDA:0,(anonymous_0)
FNDA:0,(anonymous_1)
FNDA:0,(anonymous_2)
FNDA:0,(anonymous_3)
FNDA:0,(anonymous_4)
DA:15,0
DA:17,0
DA:18,0
DA:20,0
LF:4
LH:0
BRF:0
BRH:0
end_of_record
TN:
SF:src\types\global.d.ts
FNF:0
FNH:0
LF:0
LH:0
BRF:0
BRH:0
end_of_record
TN:
SF:src\types\index.ts
FNF:0
FNH:0
LF:0
LH:0
BRF:0
BRH:0
end_of_record
TN:
SF:src\utils\geo.ts
FN:9,(anonymous_0)
FN:11,(anonymous_1)
FN:28,(anonymous_2)
FN:39,(anonymous_3)
FN:49,(anonymous_4)
FN:60,(anonymous_5)
FNF:6
FNH:6
FNDA:6,(anonymous_0)
FNDA:24,(anonymous_1)
FNDA:7,(anonymous_2)
FNDA:4,(anonymous_3)
FNDA:9,(anonymous_4)
FNDA:5,(anonymous_5)
DA:9,2
DA:10,6
DA:11,24
DA:12,6
DA:13,6
DA:14,6
DA:15,6
DA:17,6
DA:19,6
DA:28,2
DA:29,7
DA:30,7
DA:39,2
DA:40,4
DA:41,4
DA:49,2
DA:50,9
DA:60,2
DA:61,5
LF:19
LH:19
BRF:0
BRH:0
end_of_record
TN:
SF:src\utils\image.ts
FN:5,(anonymous_0)
FN:6,(anonymous_1)
FN:9,(anonymous_2)
FN:12,(anonymous_3)
FN:28,(anonymous_4)
FN:37,(anonymous_5)
FNF:6
FNH:0
FNDA:0,(anonymous_0)
FNDA:0,(anonymous_1)
FNDA:0,(anonymous_2)
FNDA:0,(anonymous_3)
FNDA:0,(anonymous_4)
FNDA:0,(anonymous_5)
DA:5,0
DA:6,0
DA:7,0
DA:8,0
DA:9,0
DA:10,0
DA:11,0
DA:12,0
DA:13,0
DA:14,0
DA:16,0
DA:17,0
DA:18,0
DA:20,0
DA:21,0
DA:24,0
DA:25,0
DA:27,0
DA:29,0
DA:30,0
DA:37,0
LF:21
LH:0
BRDA:5,0,0,0
BRDA:5,1,0,0
BRDA:16,2,0,0
BRDA:16,2,1,0
BRDA:29,3,0,0
BRDA:29,3,1,0
BRF:6
BRH:0
end_of_record
TN:
SF:src\utils\sanitize.ts
FN:9,(anonymous_0)
FN:19,(anonymous_1)
FN:29,(anonymous_2)
FN:46,(anonymous_3)
FNF:4
FNH:4
FNDA:6,(anonymous_0)
FNDA:10,(anonymous_1)
FNDA:7,(anonymous_2)
FNDA:7,(anonymous_3)
DA:9,3
DA:10,6
DA:11,3
DA:19,3
DA:20,10
DA:21,8
DA:29,3
DA:30,7
DA:31,6
DA:32,6
DA:33,4
DA:34,1
DA:36,2
DA:46,3
DA:47,7
DA:49,5
LF:16
LH:16
BRDA:10,0,0,3
BRDA:10,0,1,3
BRDA:20,1,0,2
BRDA:20,1,1,8
BRDA:30,2,0,1
BRDA:30,2,1,6
BRDA:33,3,0,3
BRDA:33,3,1,1
BRDA:47,4,0,2
BRDA:47,4,1,5
BRF:10
BRH:10
end_of_record
TN:
SF:src\utils\validation.ts
FNF:0
FNH:0
DA:6,0
DA:15,0
DA:26,0
LF:3
LH:0
BRF:0
BRH:0
end_of_record
